<?xml version="1.0" encoding="UTF-8"?>
<testsuite xmlns:xsi="http://www.w3.org/2001/XMLSchema-instance" xsi:noNamespaceSchemaLocation="https://maven.apache.org/surefire/maven-surefire-plugin/xsd/surefire-test-report-3.0.xsd" version="3.0" name="com.autismsupport.platform.controller.WellbeingEntryControllerIntegrationTest" time="4.954" tests="2" errors="0" skipped="0" failures="0">
  <properties>
[...]
</properties>
  <testcase name="parentCanUpsertListAndDeleteWellbeingEntry" classname="com.autismsupport.platform.controller.WellbeingEntryControllerIntegrationTest" time="0.286">
    <system-out><![CDATA[20:27:16.885 [main] INFO org.springframework.test.context.support.AnnotationConfigContextLoaderUtils -- Could not detect default configuration classes for test class [com.autismsupport.platform.controller.WellbeingEntryControllerIntegrationTest]: WellbeingEntryControllerIntegrationTest does not declare any static, non-private, non-final, nested classes annotated with @Configuration.
20:27:16.968 [main] INFO org.springframework.boot.test.context.SpringBootTestContextBootstrapper -- Found @SpringBootConfiguration com.autismsupport.platform.AutismSupportPlatformApplication for test class com.autismsupport.platform.controller.WellbeingEntryControllerIntegrationTest

  .   ____          _            __ _ _
 /\\ / ___'_ __ _ _(_)_ __  __ _ \ \ \ \
( ( )\___ | '_ | '_| | '_ \/ _` | \ \ \ \
 \\/  ___)| |_)| | | | | || (_| |  ) ) ) )
  '  |____| .__|_| |_|_| |_\__, | / / / /
 =========|_|==============|___/=/_/_/_/

 :: Spring Boot ::                (v3.3.5)

2026-06-05T20:27:17.154+03:00  INFO 75224 --- [autism-support-platform] [           main] .WellbeingEntryControllerIntegrationTest : Starting WellbeingEntryControllerIntegrationTest using Java 21.0.10 with PID 75224 (started by eneskotay in /Users/eneskotay/Development/Otizm/backend)
2026-06-05T20:27:17.154+03:00  INFO 75224 --- [autism-support-platform] [           main] .WellbeingEntryControllerIntegrationTest : The following 1 profile is active: "test"
2026-06-05T20:27:17.154+03:00 DEBUG 75224 --- [autism-support-platform] [           main] o.s.boot.SpringApplication               : Loading source class com.autismsupport.platform.AutismSupportPlatformApplication
2026-06-05T20:27:17.162+03:00 DEBUG 75224 --- [autism-support-platform] [           main] ConfigServletWebServerApplicationContext : Refreshing org.springframework.boot.web.servlet.context.AnnotationConfigServletWebServerApplicationContext@6d0e45a5
2026-06-05T20:27:17.621+03:00  INFO 75224 --- [autism-support-platform] [           main] .s.d.r.c.RepositoryConfigurationDelegate : Multiple Spring Data modules found, entering strict repository configuration mode
2026-06-05T20:27:17.623+03:00  INFO 75224 --- [autism-support-platform] [           main] .s.d.r.c.RepositoryConfigurationDelegate : Bootstrapping Spring Data JPA repositories in DEFAULT mode.
2026-06-05T20:27:17.630+03:00 DEBUG 75224 --- [autism-support-platform] [           main] o.s.b.a.AutoConfigurationPackages        : @EnableAutoConfiguration was declared on a class in the package 'com.autismsupport.platform'. Automatic @Repository and @Entity scanning is enabled.
2026-06-05T20:27:17.728+03:00  INFO 75224 --- [autism-support-platform] [           main] .s.d.r.c.RepositoryConfigurationDelegate : Finished Spring Data repository scanning in 102 ms. Found 58 JPA repository interfaces.
2026-06-05T20:27:18.028+03:00 DEBUG 75224 --- [autism-support-platform] [           main] .s.b.w.e.t.TomcatServletWebServerFactory : Code archive: /Users/eneskotay/.m2/repository/org/springframework/boot/spring-boot/3.3.5/spring-boot-3.3.5.jar
2026-06-05T20:27:18.029+03:00 DEBUG 75224 --- [autism-support-platform] [           main] .s.b.w.e.t.TomcatServletWebServerFactory : Code archive: /Users/eneskotay/.m2/repository/org/springframework/boot/spring-boot/3.3.5/spring-boot-3.3.5.jar
2026-06-05T20:27:18.029+03:00 DEBUG 75224 --- [autism-support-platform] [           main] .s.b.w.e.t.TomcatServletWebServerFactory : None of the document roots [src/main/webapp, public, static] point to a directory and will be ignored.
2026-06-05T20:27:18.037+03:00  INFO 75224 --- [autism-support-platform] [           main] o.s.b.w.embedded.tomcat.TomcatWebServer  : Tomcat initialized with port 0 (http)
2026-06-05T20:27:18.045+03:00  INFO 75224 --- [autism-support-platform] [           main] o.apache.catalina.core.StandardService   : Starting service [Tomcat]
2026-06-05T20:27:18.045+03:00  INFO 75224 --- [autism-support-platform] [           main] o.apache.catalina.core.StandardEngine    : Starting Servlet engine: [Apache Tomcat/10.1.31]
2026-06-05T20:27:18.069+03:00  INFO 75224 --- [autism-support-platform] [           main] o.a.c.c.C.[Tomcat].[localhost].[/]       : Initializing Spring embedded WebApplicationContext
2026-06-05T20:27:18.069+03:00 DEBUG 75224 --- [autism-support-platform] [           main] w.s.c.ServletWebServerApplicationContext : Published root WebApplicationContext as ServletContext attribute with name [org.springframework.web.context.WebApplicationContext.ROOT]
2026-06-05T20:27:18.069+03:00  INFO 75224 --- [autism-support-platform] [           main] w.s.c.ServletWebServerApplicationContext : Root WebApplicationContext: initialization completed in 907 ms
2026-06-05T20:27:18.154+03:00  INFO 75224 --- [autism-support-platform] [           main] o.hibernate.jpa.internal.util.LogHelper  : HHH000204: Processing PersistenceUnitInfo [name: default]
2026-06-05T20:27:18.190+03:00  INFO 75224 --- [autism-support-platform] [           main] org.hibernate.Version                    : HHH000412: Hibernate ORM core version 6.5.3.Final
2026-06-05T20:27:18.204+03:00  INFO 75224 --- [autism-support-platform] [           main] o.h.c.internal.RegionFactoryInitiator    : HHH000026: Second-level cache disabled
2026-06-05T20:27:18.272+03:00  INFO 75224 --- [autism-support-platform] [           main] o.s.o.j.p.SpringPersistenceUnitInfo      : No LoadTimeWeaver setup: ignoring JPA class transformer
2026-06-05T20:27:18.283+03:00  INFO 75224 --- [autism-support-platform] [           main] com.zaxxer.hikari.HikariDataSource       : HikariPool-1 - Starting...
2026-06-05T20:27:18.379+03:00  INFO 75224 --- [autism-support-platform] [           main] com.zaxxer.hikari.pool.HikariPool        : HikariPool-1 - Added connection conn0: url=jdbc:h2:mem:autism_test user=SA
2026-06-05T20:27:18.379+03:00  INFO 75224 --- [autism-support-platform] [           main] com.zaxxer.hikari.HikariDataSource       : HikariPool-1 - Start completed.
2026-06-05T20:27:19.071+03:00  INFO 75224 --- [autism-support-platform] [           main] o.h.e.t.j.p.i.JtaPlatformInitiator       : HHH000489: No JTA platform available (set 'hibernate.transaction.jta.platform' to enable JTA platform integration)
2026-06-05T20:27:19.078+03:00 DEBUG 75224 --- [autism-support-platform] [           main] org.hibernate.SQL                        : drop table if exists abc_entries cascade 
2026-06-05T20:27:19.079+03:00 DEBUG 75224 --- [autism-support-platform] [           main] org.hibernate.SQL                        : drop table if exists appointments cascade 
2026-06-05T20:27:19.079+03:00 DEBUG 75224 --- [autism-support-platform] [           main] org.hibernate.SQL                        : drop table if exists article_comments cascade 
2026-06-05T20:27:19.079+03:00 DEBUG 75224 --- [autism-support-platform] [           main] org.hibernate.SQL                        : drop table if exists audit_logs cascade 
2026-06-05T20:27:19.079+03:00 DEBUG 75224 --- [autism-support-platform] [           main] org.hibernate.SQL                        : drop table if exists bep_reports cascade 
2026-06-05T20:27:19.079+03:00 DEBUG 75224 --- [autism-support-platform] [           main] org.hibernate.SQL                        : drop table if exists buddy_relationships cascade 
2026-06-05T20:27:19.079+03:00 DEBUG 75224 --- [autism-support-platform] [           main] org.hibernate.SQL                        : drop table if exists calendar_events cascade 
2026-06-05T20:27:19.079+03:00 DEBUG 75224 --- [autism-support-platform] [           main] org.hibernate.SQL                        : drop table if exists child_tags cascade 
2026-06-05T20:27:19.079+03:00 DEBUG 75224 --- [autism-support-platform] [           main] org.hibernate.SQL                        : drop table if exists children cascade 
2026-06-05T20:27:19.079+03:00 DEBUG 75224 --- [autism-support-platform] [           main] org.hibernate.SQL                        : drop table if exists clinical_data_shares cascade 
2026-06-05T20:27:19.079+03:00 DEBUG 75224 --- [autism-support-platform] [           main] org.hibernate.SQL                        : drop table if exists conversation_archived_by cascade 
2026-06-05T20:27:19.079+03:00 DEBUG 75224 --- [autism-support-platform] [           main] org.hibernate.SQL                        : drop table if exists conversation_muted_by cascade 
2026-06-05T20:27:19.079+03:00 DEBUG 75224 --- [autism-support-platform] [           main] org.hibernate.SQL                        : drop table if exists conversation_participants cascade 
2026-06-05T20:27:19.080+03:00 DEBUG 75224 --- [autism-support-platform] [           main] org.hibernate.SQL                        : drop table if exists conversation_settings cascade 
2026-06-05T20:27:19.080+03:00 DEBUG 75224 --- [autism-support-platform] [           main] org.hibernate.SQL                        : drop table if exists conversations cascade 
2026-06-05T20:27:19.080+03:00 DEBUG 75224 --- [autism-support-platform] [           main] org.hibernate.SQL                        : drop table if exists development_notes cascade 
2026-06-05T20:27:19.080+03:00 DEBUG 75224 --- [autism-support-platform] [           main] org.hibernate.SQL                        : drop table if exists diet_preferences cascade 
2026-06-05T20:27:19.080+03:00 DEBUG 75224 --- [autism-support-platform] [           main] org.hibernate.SQL                        : drop table if exists emergency_cards cascade 
2026-06-05T20:27:19.080+03:00 DEBUG 75224 --- [autism-support-platform] [           main] org.hibernate.SQL                        : drop table if exists expert_availabilities cascade 
2026-06-05T20:27:19.080+03:00 DEBUG 75224 --- [autism-support-platform] [           main] org.hibernate.SQL                        : drop table if exists expert_availability_blocked_slots cascade 
2026-06-05T20:27:19.080+03:00 DEBUG 75224 --- [autism-support-platform] [           main] org.hibernate.SQL                        : drop table if exists expert_reviews cascade 
2026-06-05T20:27:19.080+03:00 DEBUG 75224 --- [autism-support-platform] [           main] org.hibernate.SQL                        : drop table if exists expert_tasks cascade 
2026-06-05T20:27:19.080+03:00 DEBUG 75224 --- [autism-support-platform] [           main] org.hibernate.SQL                        : drop table if exists family_meetings cascade 
2026-06-05T20:27:19.080+03:00 DEBUG 75224 --- [autism-support-platform] [           main] org.hibernate.SQL                        : drop table if exists forum_comments cascade 
2026-06-05T20:27:19.080+03:00 DEBUG 75224 --- [autism-support-platform] [           main] org.hibernate.SQL                        : drop table if exists forum_posts cascade 
2026-06-05T20:27:19.080+03:00 DEBUG 75224 --- [autism-support-platform] [           main] org.hibernate.SQL                        : drop table if exists goals cascade 
2026-06-05T20:27:19.080+03:00 DEBUG 75224 --- [autism-support-platform] [           main] org.hibernate.SQL                        : drop table if exists group_meetings cascade 
2026-06-05T20:27:19.081+03:00 DEBUG 75224 --- [autism-support-platform] [           main] org.hibernate.SQL                        : drop table if exists group_members cascade 
2026-06-05T20:27:19.081+03:00 DEBUG 75224 --- [autism-support-platform] [           main] org.hibernate.SQL                        : drop table if exists groups cascade 
2026-06-05T20:27:19.081+03:00 DEBUG 75224 --- [autism-support-platform] [           main] org.hibernate.SQL                        : drop table if exists knowledge_articles cascade 
2026-06-05T20:27:19.081+03:00 DEBUG 75224 --- [autism-support-platform] [           main] org.hibernate.SQL                        : drop table if exists medication_logs cascade 
2026-06-05T20:27:19.081+03:00 DEBUG 75224 --- [autism-support-platform] [           main] org.hibernate.SQL                        : drop table if exists medications cascade 
2026-06-05T20:27:19.081+03:00 DEBUG 75224 --- [autism-support-platform] [           main] org.hibernate.SQL                        : drop table if exists message_reactions cascade 
2026-06-05T20:27:19.081+03:00 DEBUG 75224 --- [autism-support-platform] [           main] org.hibernate.SQL                        : drop table if exists message_read_receipts cascade 
2026-06-05T20:27:19.081+03:00 DEBUG 75224 --- [autism-support-platform] [           main] org.hibernate.SQL                        : drop table if exists messages cascade 
2026-06-05T20:27:19.081+03:00 DEBUG 75224 --- [autism-support-platform] [           main] org.hibernate.SQL                        : drop table if exists milestones cascade 
2026-06-05T20:27:19.081+03:00 DEBUG 75224 --- [autism-support-platform] [           main] org.hibernate.SQL                        : drop table if exists mood_entries cascade 
2026-06-05T20:27:19.081+03:00 DEBUG 75224 --- [autism-support-platform] [           main] org.hibernate.SQL                        : drop table if exists notifications cascade 
2026-06-05T20:27:19.081+03:00 DEBUG 75224 --- [autism-support-platform] [           main] org.hibernate.SQL                        : drop table if exists nutrition_foods cascade 
2026-06-05T20:27:19.081+03:00 DEBUG 75224 --- [autism-support-platform] [           main] org.hibernate.SQL                        : drop table if exists nutrition_meals cascade 
2026-06-05T20:27:19.082+03:00 DEBUG 75224 --- [autism-support-platform] [           main] org.hibernate.SQL                        : drop table if exists password_reset_tokens cascade 
2026-06-05T20:27:19.082+03:00 DEBUG 75224 --- [autism-support-platform] [           main] org.hibernate.SQL                        : drop table if exists patient_notes cascade 
2026-06-05T20:27:19.082+03:00 DEBUG 75224 --- [autism-support-platform] [           main] org.hibernate.SQL                        : drop table if exists platform_settings cascade 
2026-06-05T20:27:19.082+03:00 DEBUG 75224 --- [autism-support-platform] [           main] org.hibernate.SQL                        : drop table if exists post_tags cascade 
2026-06-05T20:27:19.082+03:00 DEBUG 75224 --- [autism-support-platform] [           main] org.hibernate.SQL                        : drop table if exists push_subscriptions cascade 
2026-06-05T20:27:19.082+03:00 DEBUG 75224 --- [autism-support-platform] [           main] org.hibernate.SQL                        : drop table if exists refresh_tokens cascade 
2026-06-05T20:27:19.082+03:00 DEBUG 75224 --- [autism-support-platform] [           main] org.hibernate.SQL                        : drop table if exists reports cascade 
2026-06-05T20:27:19.082+03:00 DEBUG 75224 --- [autism-support-platform] [           main] org.hibernate.SQL                        : drop table if exists routine_items cascade 
2026-06-05T20:27:19.082+03:00 DEBUG 75224 --- [autism-support-platform] [           main] org.hibernate.SQL                        : drop table if exists routines cascade 
2026-06-05T20:27:19.082+03:00 DEBUG 75224 --- [autism-support-platform] [           main] org.hibernate.SQL                        : drop table if exists school_diary_entries cascade 
2026-06-05T20:27:19.082+03:00 DEBUG 75224 --- [autism-support-platform] [           main] org.hibernate.SQL                        : drop table if exists screening_results cascade 
2026-06-05T20:27:19.082+03:00 DEBUG 75224 --- [autism-support-platform] [           main] org.hibernate.SQL                        : drop table if exists sensory_profiles cascade 
2026-06-05T20:27:19.082+03:00 DEBUG 75224 --- [autism-support-platform] [           main] org.hibernate.SQL                        : drop table if exists shared_progress_notes cascade 
2026-06-05T20:27:19.082+03:00 DEBUG 75224 --- [autism-support-platform] [           main] org.hibernate.SQL                        : drop table if exists sleep_entries cascade 
2026-06-05T20:27:19.082+03:00 DEBUG 75224 --- [autism-support-platform] [           main] org.hibernate.SQL                        : drop table if exists social_stories cascade 
2026-06-05T20:27:19.083+03:00 DEBUG 75224 --- [autism-support-platform] [           main] org.hibernate.SQL                        : drop table if exists social_story_comments cascade 
2026-06-05T20:27:19.083+03:00 DEBUG 75224 --- [autism-support-platform] [           main] org.hibernate.SQL                        : drop table if exists tags cascade 
2026-06-05T20:27:19.083+03:00 DEBUG 75224 --- [autism-support-platform] [           main] org.hibernate.SQL                        : drop table if exists task_submissions cascade 
2026-06-05T20:27:19.083+03:00 DEBUG 75224 --- [autism-support-platform] [           main] org.hibernate.SQL                        : drop table if exists treatment_states cascade 
2026-06-05T20:27:19.083+03:00 DEBUG 75224 --- [autism-support-platform] [           main] org.hibernate.SQL                        : drop table if exists users cascade 
2026-06-05T20:27:19.083+03:00 DEBUG 75224 --- [autism-support-platform] [           main] org.hibernate.SQL                        : drop table if exists venue_reviews cascade 
2026-06-05T20:27:19.083+03:00 DEBUG 75224 --- [autism-support-platform] [           main] org.hibernate.SQL                        : drop table if exists venues cascade 
2026-06-05T20:27:19.083+03:00 DEBUG 75224 --- [autism-support-platform] [           main] org.hibernate.SQL                        : drop table if exists votes cascade 
2026-06-05T20:27:19.083+03:00 DEBUG 75224 --- [autism-support-platform] [           main] org.hibernate.SQL                        : drop table if exists wellbeing_entries cascade 
2026-06-05T20:27:19.085+03:00 DEBUG 75224 --- [autism-support-platform] [           main] org.hibernate.SQL                        : create table abc_entries (entry_date date not null, entry_time time(6), intensity integer not null, created_at timestamp(6), child_id uuid not null, id uuid not null, antecedent TEXT not null, behavior TEXT not null, category varchar(255), consequence TEXT not null, location varchar(255), notes TEXT, primary key (id))
2026-06-05T20:27:19.088+03:00 DEBUG 75224 --- [autism-support-platform] [           main] org.hibernate.SQL                        : create table appointments (appointment_date date not null, appointment_time time(6) not null, duration integer not null, rating integer, recurrence_index integer, created_at timestamp(6), updated_at timestamp(6), calendar_event_id uuid, child_id uuid, expert_id uuid not null, id uuid not null, parent_id uuid, recurring_group_id uuid, status varchar(30) not null, type varchar(30) not null, meeting_link varchar(500), cancellation_reason TEXT, notes TEXT, rating_comment TEXT, session_notes TEXT, primary key (id))
2026-06-05T20:27:19.090+03:00 DEBUG 75224 --- [autism-support-platform] [           main] org.hibernate.SQL                        : create table article_comments (created_at timestamp(6), article_id uuid not null, author_id uuid not null, id uuid not null, content TEXT not null, primary key (id))
2026-06-05T20:27:19.090+03:00 DEBUG 75224 --- [autism-support-platform] [           main] org.hibernate.SQL                        : create table audit_logs (created_at timestamp(6), id uuid not null, resource_id uuid, user_id uuid, action varchar(255) not null, ip_address varchar(255), resource_type varchar(255), details jsonb, primary key (id))
2026-06-05T20:27:19.092+03:00 DEBUG 75224 --- [autism-support-platform] [           main] org.hibernate.SQL                        : create table bep_reports (shared_at timestamp(6), child_id uuid not null, created_by uuid not null, id uuid not null, diagnosis TEXT, performance TEXT, school_year varchar(255), student_name varchar(255) not null, goals jsonb, primary key (id))
2026-06-05T20:27:19.093+03:00 DEBUG 75224 --- [autism-support-platform] [           main] org.hibernate.SQL                        : create table buddy_relationships (is_mentor_relation boolean, created_at timestamp(6), updated_at timestamp(6), id uuid not null, receiver_id uuid not null, requester_id uuid not null, status varchar(255) not null, primary key (id))
2026-06-05T20:27:19.094+03:00 DEBUG 75224 --- [autism-support-platform] [           main] org.hibernate.SQL                        : create table calendar_events (reminder_enabled boolean, created_at timestamp(6), end_time timestamp(6), start_time timestamp(6) not null, updated_at timestamp(6), child_id uuid not null, id uuid not null, color varchar(255), description TEXT, event_type varchar(255) not null, recurrence_rule varchar(255), title varchar(255) not null, primary key (id))
2026-06-05T20:27:19.094+03:00 DEBUG 75224 --- [autism-support-platform] [           main] org.hibernate.SQL                        : create table child_tags (child_id uuid not null, tag_id uuid not null, primary key (child_id, tag_id))
2026-06-05T20:27:19.095+03:00 DEBUG 75224 --- [autism-support-platform] [           main] org.hibernate.SQL                        : create table children (birth_date date, created_at timestamp(6), updated_at timestamp(6), id uuid not null, parent_id uuid not null, diagnosis_info TEXT, education_program TEXT, name varchar(255) not null, therapies TEXT, privacy_settings jsonb, primary key (id))
2026-06-05T20:27:19.096+03:00 DEBUG 75224 --- [autism-support-platform] [           main] org.hibernate.SQL                        : create table clinical_data_shares (share_behavior_journal boolean, share_daily_tracker boolean, share_screening_results boolean, share_sensory_profile boolean, created_at timestamp(6), expires_at timestamp(6), updated_at timestamp(6), child_id uuid not null, expert_id uuid not null, id uuid not null, parent_id uuid not null, status varchar(255) not null, primary key (id))
2026-06-05T20:27:19.096+03:00 DEBUG 75224 --- [autism-support-platform] [           main] org.hibernate.SQL                        : create table conversation_archived_by (conversation_id uuid not null, user_id uuid)
2026-06-05T20:27:19.096+03:00 DEBUG 75224 --- [autism-support-platform] [           main] org.hibernate.SQL                        : create table conversation_muted_by (conversation_id uuid not null, user_id uuid)
2026-06-05T20:27:19.096+03:00 DEBUG 75224 --- [autism-support-platform] [           main] org.hibernate.SQL                        : create table conversation_participants (conversation_id uuid not null, user_id uuid not null)
2026-06-05T20:27:19.097+03:00 DEBUG 75224 --- [autism-support-platform] [           main] org.hibernate.SQL                        : create table conversation_settings (archived boolean not null, muted boolean not null, conversation_id uuid not null, id uuid not null, user_id uuid not null, primary key (id), unique (conversation_id, user_id))
2026-06-05T20:27:19.098+03:00 DEBUG 75224 --- [autism-support-platform] [           main] org.hibernate.SQL                        : create table conversations (created_at timestamp(6), last_message_at timestamp(6), id uuid not null, title varchar(255), type enum ('DIRECT','GROUP') not null, primary key (id))
2026-06-05T20:27:19.098+03:00 DEBUG 75224 --- [autism-support-platform] [           main] org.hibernate.SQL                        : create table development_notes (note_date date not null, created_at timestamp(6), updated_at timestamp(6), child_id uuid not null, id uuid not null, category varchar(255), content TEXT, mood varchar(255), title varchar(255) not null, primary key (id))
2026-06-05T20:27:19.099+03:00 DEBUG 75224 --- [autism-support-platform] [           main] org.hibernate.SQL                        : create table diet_preferences (dairy_free boolean, egg_free boolean, gfcf_diet boolean, gluten_free boolean, soy_free boolean, sugar_free boolean, updated_at timestamp(6), child_id uuid not null unique, id uuid not null, user_id uuid not null, notes TEXT, other_diet varchar(255), primary key (id))
2026-06-05T20:27:19.099+03:00 DEBUG 75224 --- [autism-support-platform] [           main] org.hibernate.SQL                        : create table emergency_cards (updated_at timestamp(6), child_id uuid not null unique, id uuid not null, user_id uuid not null, data TEXT, primary key (id))
2026-06-05T20:27:19.100+03:00 DEBUG 75224 --- [autism-support-platform] [           main] org.hibernate.SQL                        : create table expert_availabilities (day_of_week integer not null, enabled boolean not null, end_time time(6), start_time time(6), expert_id uuid not null, id uuid not null, primary key (id), unique (expert_id, day_of_week))
2026-06-05T20:27:19.100+03:00 DEBUG 75224 --- [autism-support-platform] [           main] org.hibernate.SQL                        : create table expert_availability_blocked_slots (availability_id uuid not null, slot_time varchar(255))
2026-06-05T20:27:19.100+03:00 DEBUG 75224 --- [autism-support-platform] [           main] org.hibernate.SQL                        : create table expert_reviews (rating integer not null, created_at timestamp(6), expert_id uuid not null, id uuid not null, reviewer_id uuid not null, comment varchar(1000), primary key (id), unique (expert_id, reviewer_id))
2026-06-05T20:27:19.101+03:00 DEBUG 75224 --- [autism-support-platform] [           main] org.hibernate.SQL                        : create table expert_tasks (due_date date, created_at timestamp(6), updated_at timestamp(6), child_id uuid not null, expert_id uuid not null, id uuid not null, parent_id uuid not null, category varchar(255), description TEXT, difficulty varchar(255), frequency varchar(255), material_url varchar(255), status varchar(255) not null, title varchar(255) not null, primary key (id))
2026-06-05T20:27:19.101+03:00 DEBUG 75224 --- [autism-support-platform] [           main] org.hibernate.SQL                        : create table family_meetings (created_at timestamp(6), scheduled_time timestamp(6) not null, updated_at timestamp(6), guest_parent_id uuid not null, host_parent_id uuid not null, id uuid not null, meeting_link varchar(500), notes varchar(255), status varchar(255) not null, primary key (id))
2026-06-05T20:27:19.102+03:00 DEBUG 75224 --- [autism-support-platform] [           main] org.hibernate.SQL                        : create table forum_comments (is_accepted boolean, is_anonymous boolean, is_expert_approved boolean, like_count integer, vote_count integer, created_at timestamp(6), updated_at timestamp(6), author_id uuid not null, id uuid not null, parent_comment_id uuid, post_id uuid not null, content TEXT not null, primary key (id))
2026-06-05T20:27:19.102+03:00 DEBUG 75224 --- [autism-support-platform] [           main] org.hibernate.SQL                        : create table forum_posts (comment_count integer, is_anonymous boolean, is_answered boolean, is_featured boolean, is_pinned boolean, like_count integer, created_at timestamp(6), updated_at timestamp(6), accepted_answer_id uuid, author_id uuid not null, id uuid not null, category varchar(255), content TEXT not null, post_type varchar(255) not null, title varchar(255) not null, privacy_settings jsonb, primary key (id))
2026-06-05T20:27:19.103+03:00 DEBUG 75224 --- [autism-support-platform] [           main] org.hibernate.SQL                        : create table goals (active boolean not null, target_count integer, created_at timestamp(6), child_id uuid not null, id uuid not null, user_id uuid not null, category varchar(255), description TEXT, entries TEXT, reward_description varchar(255), reward_title varchar(255), title varchar(255) not null, token_color varchar(255), token_emoji varchar(255), primary key (id))
2026-06-05T20:27:19.103+03:00 DEBUG 75224 --- [autism-support-platform] [           main] org.hibernate.SQL                        : create table group_meetings (created_at timestamp(6), end_time timestamp(6), start_time timestamp(6) not null, group_id uuid not null, id uuid not null, description TEXT, meeting_url varchar(255), title varchar(255) not null, primary key (id))
2026-06-05T20:27:19.103+03:00 DEBUG 75224 --- [autism-support-platform] [           main] org.hibernate.SQL                        : create table group_members (joined_at timestamp(6), group_id uuid not null, id uuid not null, user_id uuid not null, role varchar(255) not null, primary key (id), unique (group_id, user_id))
2026-06-05T20:27:19.104+03:00 DEBUG 75224 --- [autism-support-platform] [           main] org.hibernate.SQL                        : create table groups (is_verified boolean, created_at timestamp(6), updated_at timestamp(6), conversation_id uuid unique, created_by uuid not null, id uuid not null, avatar_url varchar(255), category varchar(255), description TEXT, name varchar(255) not null, primary key (id))
2026-06-05T20:27:19.104+03:00 DEBUG 75224 --- [autism-support-platform] [           main] org.hibernate.SQL                        : create table knowledge_articles (is_published boolean, view_count integer, created_at timestamp(6), updated_at timestamp(6), author_id uuid, id uuid not null, format varchar(50), media_url varchar(500), category varchar(255), content TEXT not null, title varchar(255) not null, primary key (id))
2026-06-05T20:27:19.105+03:00 DEBUG 75224 --- [autism-support-platform] [           main] org.hibernate.SQL                        : create table medication_logs (log_date date not null, taken boolean not null, created_at timestamp(6), taken_at timestamp(6), scheduled_time varchar(10), child_id uuid not null, id uuid not null, medication_id uuid not null, notes TEXT, primary key (id))
2026-06-05T20:27:19.105+03:00 DEBUG 75224 --- [autism-support-platform] [           main] org.hibernate.SQL                        : create table medications (end_date date, is_active boolean, start_date date, created_at timestamp(6), child_id uuid not null, id uuid not null, dosage varchar(255), frequency varchar(255), name varchar(255) not null, notes TEXT, unit varchar(255), scheduled_times jsonb, primary key (id))
2026-06-05T20:27:19.105+03:00 DEBUG 75224 --- [autism-support-platform] [           main] org.hibernate.SQL                        : create table message_reactions (created_at timestamp(6), emoji varchar(10) not null, id uuid not null, message_id uuid not null, user_id uuid not null, primary key (id), unique (message_id, user_id, emoji))
2026-06-05T20:27:19.106+03:00 DEBUG 75224 --- [autism-support-platform] [           main] org.hibernate.SQL                        : create table message_read_receipts (read_at timestamp(6) not null, id uuid not null, message_id uuid not null, user_id uuid not null, primary key (id), unique (message_id, user_id))
2026-06-05T20:27:19.106+03:00 DEBUG 75224 --- [autism-support-platform] [           main] org.hibernate.SQL                        : create table messages (is_read boolean, sent_at timestamp(6) not null, conversation_id uuid not null, id uuid not null, reply_to_id uuid, sender_id uuid not null, message_type varchar(30) not null, file_type varchar(100), file_url varchar(1000), content TEXT not null, file_name varchar(255), primary key (id))
2026-06-05T20:27:19.106+03:00 DEBUG 75224 --- [autism-support-platform] [           main] org.hibernate.SQL                        : create table milestones (achieved_date date not null, created_at timestamp(6), child_id uuid not null, id uuid not null, category varchar(255), description TEXT, title varchar(255) not null, primary key (id))
2026-06-05T20:27:19.107+03:00 DEBUG 75224 --- [autism-support-platform] [           main] org.hibernate.SQL                        : create table mood_entries (entry_date date not null, mood_level integer not null, created_at timestamp(6), child_id uuid not null, id uuid not null, notes TEXT, triggers jsonb, primary key (id))
2026-06-05T20:27:19.108+03:00 DEBUG 75224 --- [autism-support-platform] [           main] org.hibernate.SQL                        : create table notifications (is_read boolean, created_at timestamp(6), id uuid not null, user_id uuid not null, body varchar(255), link varchar(255), title varchar(255) not null, type varchar(255) not null, primary key (id))
2026-06-05T20:27:19.109+03:00 DEBUG 75224 --- [autism-support-platform] [           main] org.hibernate.SQL                        : create table nutrition_foods (accepted boolean not null, created_at timestamp(6), child_id uuid not null, id uuid not null, user_id uuid not null, category varchar(255), name varchar(255) not null, primary key (id))
2026-06-05T20:27:19.109+03:00 DEBUG 75224 --- [autism-support-platform] [           main] org.hibernate.SQL                        : create table nutrition_meals (created_at timestamp(6), child_id uuid not null, id uuid not null, user_id uuid not null, date varchar(255) not null, foods TEXT, meal_type varchar(255) not null, mood varchar(255), notes varchar(255), primary key (id))
2026-06-05T20:27:19.110+03:00 DEBUG 75224 --- [autism-support-platform] [           main] org.hibernate.SQL                        : create table password_reset_tokens (used boolean not null, created_at timestamp(6), expires_at timestamp(6) not null, id uuid not null, user_id uuid not null, token varchar(255) not null unique, primary key (id))
2026-06-05T20:27:19.110+03:00 DEBUG 75224 --- [autism-support-platform] [           main] org.hibernate.SQL                        : create table patient_notes (note_date date not null, created_at timestamp(6), updated_at timestamp(6), child_id uuid, expert_id uuid not null, id uuid not null, parent_id uuid not null, category varchar(50), content TEXT not null, primary key (id))
2026-06-05T20:27:19.110+03:00 DEBUG 75224 --- [autism-support-platform] [           main] org.hibernate.SQL                        : create table platform_settings (ai_enabled boolean not null, maintenance_mode boolean not null, registrations_open boolean not null, id varchar(255) not null, primary key (id))
2026-06-05T20:27:19.111+03:00 DEBUG 75224 --- [autism-support-platform] [           main] org.hibernate.SQL                        : create table post_tags (post_id uuid not null, tag_id uuid not null, primary key (post_id, tag_id))
2026-06-05T20:27:19.111+03:00 DEBUG 75224 --- [autism-support-platform] [           main] org.hibernate.SQL                        : create table push_subscriptions (created_at timestamp(6), last_seen_at timestamp(6), updated_at timestamp(6), id uuid not null, user_id uuid not null, auth_key TEXT not null, endpoint TEXT not null unique, p256dh_key TEXT not null, user_agent TEXT, primary key (id))
2026-06-05T20:27:19.112+03:00 DEBUG 75224 --- [autism-support-platform] [           main] org.hibernate.SQL                        : create table refresh_tokens (used boolean not null, created_at timestamp(6), expires_at timestamp(6) not null, id uuid not null, user_id uuid not null, token TEXT not null unique, primary key (id))
2026-06-05T20:27:19.112+03:00 DEBUG 75224 --- [autism-support-platform] [           main] org.hibernate.SQL                        : create table reports (created_at timestamp(6), id uuid not null, reporter_id uuid not null, target_id uuid not null, admin_note varchar(255), reason varchar(255) not null, status varchar(255) not null, target_type varchar(255) not null, primary key (id))
2026-06-05T20:27:19.112+03:00 DEBUG 75224 --- [autism-support-platform] [           main] org.hibernate.SQL                        : create table routine_items (scheduled_time time(6), created_at timestamp(6), updated_at timestamp(6), id uuid not null, routine_id uuid not null, description varchar(255), icon_name varchar(255), title varchar(255) not null, primary key (id))
2026-06-05T20:27:19.113+03:00 DEBUG 75224 --- [autism-support-platform] [           main] org.hibernate.SQL                        : create table routines (is_active boolean not null, created_at timestamp(6), updated_at timestamp(6), child_id uuid not null, id uuid not null, description varchar(255), name varchar(255) not null, primary key (id))
2026-06-05T20:27:19.113+03:00 DEBUG 75224 --- [autism-support-platform] [           main] org.hibernate.SQL                        : create table school_diary_entries (created_at timestamp(6), child_id uuid not null, id uuid not null, user_id uuid not null, category varchar(255), content TEXT not null, date varchar(255) not null, from_name varchar(255), from_role varchar(255) not null, replies TEXT, primary key (id))
2026-06-05T20:27:19.113+03:00 DEBUG 75224 --- [autism-support-platform] [           main] org.hibernate.SQL                        : create table screening_results (score integer not null, created_at timestamp(6), child_id uuid not null, id uuid not null, risk_level varchar(20) not null, test_type varchar(50) not null, answers jsonb, primary key (id))
2026-06-05T20:27:19.113+03:00 DEBUG 75224 --- [autism-support-platform] [           main] org.hibernate.SQL                        : create table sensory_profiles (updated_at timestamp(6), child_id uuid not null unique, id uuid not null, user_id uuid not null, domains TEXT, primary key (id))
2026-06-05T20:27:19.114+03:00 DEBUG 75224 --- [autism-support-platform] [           main] org.hibernate.SQL                        : create table shared_progress_notes (completed_at timestamp(6), created_at timestamp(6), child_id uuid not null, expert_id uuid, id uuid not null, user_id uuid not null, content TEXT not null, due_date varchar(255), from_name varchar(255), from_role varchar(255) not null, replies TEXT, status varchar(255), title varchar(255) not null, type varchar(255), primary key (id))
2026-06-05T20:27:19.114+03:00 DEBUG 75224 --- [autism-support-platform] [           main] org.hibernate.SQL                        : create table sleep_entries (duration_minutes integer, night_wakings integer, quality integer, sleep_date date not null, created_at timestamp(6), bedtime varchar(10), wake_time varchar(10), child_id uuid not null, id uuid not null, notes TEXT, primary key (id))
2026-06-05T20:27:19.114+03:00 DEBUG 75224 --- [autism-support-platform] [           main] org.hibernate.SQL                        : create table social_stories (is_public boolean, view_count integer, created_at timestamp(6), updated_at timestamp(6), author_id uuid not null, child_id uuid, id uuid not null, category varchar(255), description TEXT, title varchar(255) not null, pages jsonb not null, primary key (id))
2026-06-05T20:27:19.115+03:00 DEBUG 75224 --- [autism-support-platform] [           main] org.hibernate.SQL                        : create table social_story_comments (created_at timestamp(6), updated_at timestamp(6), author_id uuid not null, id uuid not null, social_story_id uuid not null, content TEXT not null, primary key (id))
2026-06-05T20:27:19.115+03:00 DEBUG 75224 --- [autism-support-platform] [           main] org.hibernate.SQL                        : create table tags (created_at timestamp(6), id uuid not null, category varchar(255) not null, description TEXT, name varchar(255) not null unique, primary key (id))
2026-06-05T20:27:19.115+03:00 DEBUG 75224 --- [autism-support-platform] [           main] org.hibernate.SQL                        : create table task_submissions (expert_reviewed boolean, submitted_at timestamp(6), updated_at timestamp(6), id uuid not null, parent_id uuid not null, task_id uuid not null, evidence_url varchar(255), expert_feedback TEXT, parent_note TEXT, primary key (id))
2026-06-05T20:27:19.116+03:00 DEBUG 75224 --- [autism-support-platform] [           main] org.hibernate.SQL                        : create table treatment_states (updated_at timestamp(6), child_id uuid not null unique, id uuid not null, custom_goals jsonb, game_feedback jsonb, game_sessions jsonb, goal_progress_history jsonb, sensory_profile jsonb, primary key (id))
2026-06-05T20:27:19.116+03:00 DEBUG 75224 --- [autism-support-platform] [           main] org.hibernate.SQL                        : create table users (is_active boolean, is_verified boolean, kvkk_consent boolean, latitude float(53), license_verified boolean, longitude float(53), matching_enabled boolean, created_at timestamp(6), kvkk_consent_date timestamp(6), license_verified_at timestamp(6), updated_at timestamp(6), id uuid not null, bio TEXT, city varchar(255), email varchar(255) not null unique, expert_title varchar(255), full_name varchar(255) not null, institution varchar(255), license_number varchar(255), password_hash varchar(255) not null, phone varchar(255), profile_image_url varchar(255), role enum ('ADMIN','EXPERT','PARENT') not null, specializations jsonb, primary key (id))
2026-06-05T20:27:19.117+03:00 DEBUG 75224 --- [autism-support-platform] [           main] org.hibernate.SQL                        : create table venue_reviews (crowd_level integer, light_level integer, noise_level integer, created_at timestamp(6), id uuid not null, user_id uuid not null, venue_id uuid not null, comments TEXT, primary key (id))
2026-06-05T20:27:19.117+03:00 DEBUG 75224 --- [autism-support-platform] [           main] org.hibernate.SQL                        : create table venues (avg_crowd_level float(53), avg_light_level float(53), avg_noise_level float(53), latitude float(53), longitude float(53), created_at timestamp(6), updated_at timestamp(6), id uuid not null, address varchar(255), category varchar(255) not null, description TEXT, name varchar(255) not null, primary key (id))
2026-06-05T20:27:19.118+03:00 DEBUG 75224 --- [autism-support-platform] [           main] org.hibernate.SQL                        : create table votes (vote_value integer not null, created_at timestamp(6), id uuid not null, target_id uuid not null, user_id uuid not null, target_type varchar(255) not null, primary key (id), unique (user_id, target_type, target_id))
2026-06-05T20:27:19.118+03:00 DEBUG 75224 --- [autism-support-platform] [           main] org.hibernate.SQL                        : create table wellbeing_entries (entry_date date not null, score integer not null, created_at timestamp(6), id uuid not null, user_id uuid not null, notes TEXT, answers jsonb not null, primary key (id))
2026-06-05T20:27:19.118+03:00 DEBUG 75224 --- [autism-support-platform] [           main] org.hibernate.SQL                        : create index idx_appointments_expert_date on appointments (expert_id, appointment_date)
2026-06-05T20:27:19.119+03:00 DEBUG 75224 --- [autism-support-platform] [           main] org.hibernate.SQL                        : create index idx_appointments_parent_date on appointments (parent_id, appointment_date)
2026-06-05T20:27:19.119+03:00 DEBUG 75224 --- [autism-support-platform] [           main] org.hibernate.SQL                        : create index idx_appointments_child_date on appointments (child_id, appointment_date)
2026-06-05T20:27:19.119+03:00 DEBUG 75224 --- [autism-support-platform] [           main] org.hibernate.SQL                        : create index idx_appointments_status on appointments (status)
2026-06-05T20:27:19.119+03:00 DEBUG 75224 --- [autism-support-platform] [           main] org.hibernate.SQL                        : create index idx_patient_notes_expert on patient_notes (expert_id)
2026-06-05T20:27:19.119+03:00 DEBUG 75224 --- [autism-support-platform] [           main] org.hibernate.SQL                        : create index idx_patient_notes_parent on patient_notes (parent_id)
2026-06-05T20:27:19.120+03:00 DEBUG 75224 --- [autism-support-platform] [           main] org.hibernate.SQL                        : alter table if exists abc_entries add constraint FKn9jj03xbg2ff02nukei9gimrq foreign key (child_id) references children
2026-06-05T20:27:19.122+03:00 DEBUG 75224 --- [autism-support-platform] [           main] org.hibernate.SQL                        : alter table if exists appointments add constraint FKqxyshvyqv9uivgsguf96lqggv foreign key (child_id) references children
2026-06-05T20:27:19.123+03:00 DEBUG 75224 --- [autism-support-platform] [           main] org.hibernate.SQL                        : alter table if exists appointments add constraint FK7vli681aquq42wxfa81bngw56 foreign key (expert_id) references users
2026-06-05T20:27:19.123+03:00 DEBUG 75224 --- [autism-support-platform] [           main] org.hibernate.SQL                        : alter table if exists appointments add constraint FKj54gpyonyga01uqgy1megbeax foreign key (parent_id) references users
2026-06-05T20:27:19.124+03:00 DEBUG 75224 --- [autism-support-platform] [           main] org.hibernate.SQL                        : alter table if exists article_comments add constraint FKs9dfha4mufah3m4r1rh4tmi12 foreign key (article_id) references knowledge_articles
2026-06-05T20:27:19.125+03:00 DEBUG 75224 --- [autism-support-platform] [           main] org.hibernate.SQL                        : alter table if exists article_comments add constraint FKmhcojnp3o4w0ufrpn635vxsdl foreign key (author_id) references users
2026-06-05T20:27:19.126+03:00 DEBUG 75224 --- [autism-support-platform] [           main] org.hibernate.SQL                        : alter table if exists audit_logs add constraint FKjs4iimve3y0xssbtve5ysyef0 foreign key (user_id) references users
2026-06-05T20:27:19.126+03:00 DEBUG 75224 --- [autism-support-platform] [           main] org.hibernate.SQL                        : alter table if exists bep_reports add constraint FKojqp9r7brjgd5sj4ucr69rab foreign key (child_id) references children
2026-06-05T20:27:19.127+03:00 DEBUG 75224 --- [autism-support-platform] [           main] org.hibernate.SQL                        : alter table if exists bep_reports add constraint FK83kxwi0dj77f1c92lbaq4kihi foreign key (created_by) references users
2026-06-05T20:27:19.127+03:00 DEBUG 75224 --- [autism-support-platform] [           main] org.hibernate.SQL                        : alter table if exists buddy_relationships add constraint FKmx0bx7ex3e5533y90u92daud foreign key (receiver_id) references users
2026-06-05T20:27:19.128+03:00 DEBUG 75224 --- [autism-support-platform] [           main] org.hibernate.SQL                        : alter table if exists buddy_relationships add constraint FKt1gmtibkw4bvtrjxoywf07cie foreign key (requester_id) references users
2026-06-05T20:27:19.128+03:00 DEBUG 75224 --- [autism-support-platform] [           main] org.hibernate.SQL                        : alter table if exists calendar_events add constraint FKsoyv5dd4jn38fkqulk187x3nc foreign key (child_id) references children
2026-06-05T20:27:19.128+03:00 DEBUG 75224 --- [autism-support-platform] [           main] org.hibernate.SQL                        : alter table if exists child_tags add constraint FKno6uf2065v5e9iya7lx1egipa foreign key (tag_id) references tags
2026-06-05T20:27:19.129+03:00 DEBUG 75224 --- [autism-support-platform] [           main] org.hibernate.SQL                        : alter table if exists child_tags add constraint FKfiict86knfe18xnbmeecpbj4s foreign key (child_id) references children
2026-06-05T20:27:19.129+03:00 DEBUG 75224 --- [autism-support-platform] [           main] org.hibernate.SQL                        : alter table if exists children add constraint FKnj4ttxxbdk18yp1765brwyeeg foreign key (parent_id) references users
2026-06-05T20:27:19.130+03:00 DEBUG 75224 --- [autism-support-platform] [           main] org.hibernate.SQL                        : alter table if exists clinical_data_shares add constraint FKo7oytycvr8roor1htdup3q1ir foreign key (child_id) references children
2026-06-05T20:27:19.130+03:00 DEBUG 75224 --- [autism-support-platform] [           main] org.hibernate.SQL                        : alter table if exists clinical_data_shares add constraint FKgddg1rx12be3xygg77as81q00 foreign key (expert_id) references users
2026-06-05T20:27:19.131+03:00 DEBUG 75224 --- [autism-support-platform] [           main] org.hibernate.SQL                        : alter table if exists clinical_data_shares add constraint FKlc1pcn6sp4pk1kmbahloix1vq foreign key (parent_id) references users
2026-06-05T20:27:19.131+03:00 DEBUG 75224 --- [autism-support-platform] [           main] org.hibernate.SQL                        : alter table if exists conversation_archived_by add constraint FKogwxqb3uv8qgcey5ebpk5p3u3 foreign key (conversation_id) references conversations
2026-06-05T20:27:19.131+03:00 DEBUG 75224 --- [autism-support-platform] [           main] org.hibernate.SQL                        : alter table if exists conversation_muted_by add constraint FK29rjb0l63l3r7vwvfu8w9i9f7 foreign key (conversation_id) references conversations
2026-06-05T20:27:19.132+03:00 DEBUG 75224 --- [autism-support-platform] [           main] org.hibernate.SQL                        : alter table if exists conversation_participants add constraint FKjukjgq6uinvvk4307y8u9lixu foreign key (user_id) references users
2026-06-05T20:27:19.132+03:00 DEBUG 75224 --- [autism-support-platform] [           main] org.hibernate.SQL                        : alter table if exists conversation_participants add constraint FK84npv3fo2vwl7ut63im0p417q foreign key (conversation_id) references conversations
2026-06-05T20:27:19.133+03:00 DEBUG 75224 --- [autism-support-platform] [           main] org.hibernate.SQL                        : alter table if exists conversation_settings add constraint FKobhe8fdbs514dw1gd1eq2msh8 foreign key (conversation_id) references conversations
2026-06-05T20:27:19.133+03:00 DEBUG 75224 --- [autism-support-platform] [           main] org.hibernate.SQL                        : alter table if exists conversation_settings add constraint FKmp7a72rwde59ikyoq80tf5usl foreign key (user_id) references users
2026-06-05T20:27:19.133+03:00 DEBUG 75224 --- [autism-support-platform] [           main] org.hibernate.SQL                        : alter table if exists development_notes add constraint FKrlttbmeet8eb984629bfba6gn foreign key (child_id) references children
2026-06-05T20:27:19.134+03:00 DEBUG 75224 --- [autism-support-platform] [           main] org.hibernate.SQL                        : alter table if exists expert_availabilities add constraint FKp9uawqmwhxtwd4w5vlumlr51e foreign key (expert_id) references users
2026-06-05T20:27:19.134+03:00 DEBUG 75224 --- [autism-support-platform] [           main] org.hibernate.SQL                        : alter table if exists expert_availability_blocked_slots add constraint FKe91q6m5xql9gy2ode9ym6vx36 foreign key (availability_id) references expert_availabilities
2026-06-05T20:27:19.135+03:00 DEBUG 75224 --- [autism-support-platform] [           main] org.hibernate.SQL                        : alter table if exists expert_reviews add constraint FKif2ygrbmtokjwpyb3o3kr2vnd foreign key (expert_id) references users
2026-06-05T20:27:19.135+03:00 DEBUG 75224 --- [autism-support-platform] [           main] org.hibernate.SQL                        : alter table if exists expert_reviews add constraint FKqwux41isuly89xj4mt47jio13 foreign key (reviewer_id) references users
2026-06-05T20:27:19.135+03:00 DEBUG 75224 --- [autism-support-platform] [           main] org.hibernate.SQL                        : alter table if exists expert_tasks add constraint FKl3h8kftolohpcqwby8d4b1c3 foreign key (child_id) references children
2026-06-05T20:27:19.136+03:00 DEBUG 75224 --- [autism-support-platform] [           main] org.hibernate.SQL                        : alter table if exists expert_tasks add constraint FKff0pa62komu43ah3r7hu9fila foreign key (expert_id) references users
2026-06-05T20:27:19.136+03:00 DEBUG 75224 --- [autism-support-platform] [           main] org.hibernate.SQL                        : alter table if exists expert_tasks add constraint FKn8wikk54fkb1soq0xa72mp314 foreign key (parent_id) references users
2026-06-05T20:27:19.136+03:00 DEBUG 75224 --- [autism-support-platform] [           main] org.hibernate.SQL                        : alter table if exists family_meetings add constraint FK30e45yha9aerosp1um8tff1q4 foreign key (guest_parent_id) references users
2026-06-05T20:27:19.137+03:00 DEBUG 75224 --- [autism-support-platform] [           main] org.hibernate.SQL                        : alter table if exists family_meetings add constraint FK35hd26tie5tlxeki21yt1u62c foreign key (host_parent_id) references users
2026-06-05T20:27:19.137+03:00 DEBUG 75224 --- [autism-support-platform] [           main] org.hibernate.SQL                        : alter table if exists forum_comments add constraint FKaagdun8roxwogrhpfs97vfcyl foreign key (author_id) references users
2026-06-05T20:27:19.138+03:00 DEBUG 75224 --- [autism-support-platform] [           main] org.hibernate.SQL                        : alter table if exists forum_comments add constraint FKp5wt8po837fjuthq636iaaa6u foreign key (parent_comment_id) references forum_comments
2026-06-05T20:27:19.138+03:00 DEBUG 75224 --- [autism-support-platform] [           main] org.hibernate.SQL                        : alter table if exists forum_comments add constraint FKeb7i9uh14fy77papa5wfpfds4 foreign key (post_id) references forum_posts
2026-06-05T20:27:19.138+03:00 DEBUG 75224 --- [autism-support-platform] [           main] org.hibernate.SQL                        : alter table if exists forum_posts add constraint FKpsovhjndrj3obmt1d0p9nhr0u foreign key (author_id) references users
2026-06-05T20:27:19.139+03:00 DEBUG 75224 --- [autism-support-platform] [           main] org.hibernate.SQL                        : alter table if exists group_meetings add constraint FKrto821r5k1oa92mnvsib27wm7 foreign key (group_id) references groups
2026-06-05T20:27:19.139+03:00 DEBUG 75224 --- [autism-support-platform] [           main] org.hibernate.SQL                        : alter table if exists group_members add constraint FKkv9vlrye4rmhqjq4qohy2n5a6 foreign key (group_id) references groups
2026-06-05T20:27:19.140+03:00 DEBUG 75224 --- [autism-support-platform] [           main] org.hibernate.SQL                        : alter table if exists group_members add constraint FKnr9qg33qt2ovmv29g4vc3gtdx foreign key (user_id) references users
2026-06-05T20:27:19.140+03:00 DEBUG 75224 --- [autism-support-platform] [           main] org.hibernate.SQL                        : alter table if exists groups add constraint FKkupigmoyd7kma26trl5cjhobl foreign key (conversation_id) references conversations
2026-06-05T20:27:19.140+03:00 DEBUG 75224 --- [autism-support-platform] [           main] org.hibernate.SQL                        : alter table if exists groups add constraint FKkhpvhy2p2c1un4krvhwnau23b foreign key (created_by) references users
2026-06-05T20:27:19.141+03:00 DEBUG 75224 --- [autism-support-platform] [           main] org.hibernate.SQL                        : alter table if exists knowledge_articles add constraint FK111ping8bift9jqvh8gm28a88 foreign key (author_id) references users
2026-06-05T20:27:19.143+03:00 DEBUG 75224 --- [autism-support-platform] [           main] org.hibernate.SQL                        : alter table if exists medication_logs add constraint FK1qe3s7y80jcv1hqyjaxmgy767 foreign key (child_id) references children
2026-06-05T20:27:19.143+03:00 DEBUG 75224 --- [autism-support-platform] [           main] org.hibernate.SQL                        : alter table if exists medication_logs add constraint FKjr4av39v7ugohuoqovrwn2ely foreign key (medication_id) references medications
2026-06-05T20:27:19.144+03:00 DEBUG 75224 --- [autism-support-platform] [           main] org.hibernate.SQL                        : alter table if exists medications add constraint FK7pntjfdloou33ul1dt7yxokiy foreign key (child_id) references children
2026-06-05T20:27:19.144+03:00 DEBUG 75224 --- [autism-support-platform] [           main] org.hibernate.SQL                        : alter table if exists message_reactions add constraint FK1o714y33gam6b6741ci4ho041 foreign key (message_id) references messages
2026-06-05T20:27:19.144+03:00 DEBUG 75224 --- [autism-support-platform] [           main] org.hibernate.SQL                        : alter table if exists message_reactions add constraint FKoip2ttlg2py976foointttaew foreign key (user_id) references users
2026-06-05T20:27:19.145+03:00 DEBUG 75224 --- [autism-support-platform] [           main] org.hibernate.SQL                        : alter table if exists message_read_receipts add constraint FK37k9gws80wf2nbm7nmj2y0dab foreign key (message_id) references messages
2026-06-05T20:27:19.145+03:00 DEBUG 75224 --- [autism-support-platform] [           main] org.hibernate.SQL                        : alter table if exists message_read_receipts add constraint FKfws1llgb2i066i1mebldx48d1 foreign key (user_id) references users
2026-06-05T20:27:19.146+03:00 DEBUG 75224 --- [autism-support-platform] [           main] org.hibernate.SQL                        : alter table if exists messages add constraint FKt492th6wsovh1nush5yl5jj8e foreign key (conversation_id) references conversations
2026-06-05T20:27:19.146+03:00 DEBUG 75224 --- [autism-support-platform] [           main] org.hibernate.SQL                        : alter table if exists messages add constraint FKg23x99if9xk265onv7btb0cg9 foreign key (reply_to_id) references messages
2026-06-05T20:27:19.147+03:00 DEBUG 75224 --- [autism-support-platform] [           main] org.hibernate.SQL                        : alter table if exists messages add constraint FK4ui4nnwntodh6wjvck53dbk9m foreign key (sender_id) references users
2026-06-05T20:27:19.147+03:00 DEBUG 75224 --- [autism-support-platform] [           main] org.hibernate.SQL                        : alter table if exists milestones add constraint FKr1i8xdffp7kwm4epuhlybvu6x foreign key (child_id) references children
2026-06-05T20:27:19.148+03:00 DEBUG 75224 --- [autism-support-platform] [           main] org.hibernate.SQL                        : alter table if exists mood_entries add constraint FKplmq1u9kjw78uww1pm13y8d10 foreign key (child_id) references children
2026-06-05T20:27:19.148+03:00 DEBUG 75224 --- [autism-support-platform] [           main] org.hibernate.SQL                        : alter table if exists notifications add constraint FK9y21adhxn0ayjhfocscqox7bh foreign key (user_id) references users
2026-06-05T20:27:19.148+03:00 DEBUG 75224 --- [autism-support-platform] [           main] org.hibernate.SQL                        : alter table if exists password_reset_tokens add constraint FKk3ndxg5xp6v7wd4gjyusp15gq foreign key (user_id) references users
2026-06-05T20:27:19.149+03:00 DEBUG 75224 --- [autism-support-platform] [           main] org.hibernate.SQL                        : alter table if exists patient_notes add constraint FKnwrrycqq7gcx83k9s5h8fr5ej foreign key (child_id) references children
2026-06-05T20:27:19.149+03:00 DEBUG 75224 --- [autism-support-platform] [           main] org.hibernate.SQL                        : alter table if exists patient_notes add constraint FKii1a5a527wng27rqrb3x9782c foreign key (expert_id) references users
2026-06-05T20:27:19.150+03:00 DEBUG 75224 --- [autism-support-platform] [           main] org.hibernate.SQL                        : alter table if exists patient_notes add constraint FKdt7s7afe8paymkuhwm1y2w5s6 foreign key (parent_id) references users
2026-06-05T20:27:19.150+03:00 DEBUG 75224 --- [autism-support-platform] [           main] org.hibernate.SQL                        : alter table if exists post_tags add constraint FKm6cfovkyqvu5rlm6ahdx3eavj foreign key (tag_id) references tags
2026-06-05T20:27:19.150+03:00 DEBUG 75224 --- [autism-support-platform] [           main] org.hibernate.SQL                        : alter table if exists post_tags add constraint FKlb6lub8u17l5j493ev1xkxt7 foreign key (post_id) references forum_posts
2026-06-05T20:27:19.151+03:00 DEBUG 75224 --- [autism-support-platform] [           main] org.hibernate.SQL                        : alter table if exists push_subscriptions add constraint FK1v577hpc7v9mdrm2uyk6kqgnl foreign key (user_id) references users
2026-06-05T20:27:19.151+03:00 DEBUG 75224 --- [autism-support-platform] [           main] org.hibernate.SQL                        : alter table if exists refresh_tokens add constraint FK1lih5y2npsf8u5o3vhdb9y0os foreign key (user_id) references users
2026-06-05T20:27:19.151+03:00 DEBUG 75224 --- [autism-support-platform] [           main] org.hibernate.SQL                        : alter table if exists reports add constraint FKd3qiw2om5d2oh5xb7fbdcq225 foreign key (reporter_id) references users
2026-06-05T20:27:19.152+03:00 DEBUG 75224 --- [autism-support-platform] [           main] org.hibernate.SQL                        : alter table if exists routine_items add constraint FKbuxe25dey1ma7sva6y8f0ka0w foreign key (routine_id) references routines
2026-06-05T20:27:19.152+03:00 DEBUG 75224 --- [autism-support-platform] [           main] org.hibernate.SQL                        : alter table if exists routines add constraint FKpvfgoqj5ipt127na2bpd39egu foreign key (child_id) references children
2026-06-05T20:27:19.153+03:00 DEBUG 75224 --- [autism-support-platform] [           main] org.hibernate.SQL                        : alter table if exists screening_results add constraint FKkn29mb8o4bt0v7ubtn88ak6oh foreign key (child_id) references children
2026-06-05T20:27:19.153+03:00 DEBUG 75224 --- [autism-support-platform] [           main] org.hibernate.SQL                        : alter table if exists sleep_entries add constraint FKd03w5nap8s4rf4jm3a3wao3bx foreign key (child_id) references children
2026-06-05T20:27:19.153+03:00 DEBUG 75224 --- [autism-support-platform] [           main] org.hibernate.SQL                        : alter table if exists social_stories add constraint FKbi448602rkodf93554qorgwmu foreign key (author_id) references users
2026-06-05T20:27:19.154+03:00 DEBUG 75224 --- [autism-support-platform] [           main] org.hibernate.SQL                        : alter table if exists social_stories add constraint FKd8svngql33seglhkicmdvwqg6 foreign key (child_id) references children
2026-06-05T20:27:19.154+03:00 DEBUG 75224 --- [autism-support-platform] [           main] org.hibernate.SQL                        : alter table if exists social_story_comments add constraint FKb7n775s25y3jmoqxjhe0usb6m foreign key (author_id) references users
2026-06-05T20:27:19.154+03:00 DEBUG 75224 --- [autism-support-platform] [           main] org.hibernate.SQL                        : alter table if exists social_story_comments add constraint FKapi0u757byh8e03mioajo4foe foreign key (social_story_id) references social_stories
2026-06-05T20:27:19.155+03:00 DEBUG 75224 --- [autism-support-platform] [           main] org.hibernate.SQL                        : alter table if exists task_submissions add constraint FKhnb7tpcdyy3gt10f6qfq897nt foreign key (parent_id) references users
2026-06-05T20:27:19.155+03:00 DEBUG 75224 --- [autism-support-platform] [           main] org.hibernate.SQL                        : alter table if exists task_submissions add constraint FKakdmr8myrvywo4tof2kykulu9 foreign key (task_id) references expert_tasks
2026-06-05T20:27:19.155+03:00 DEBUG 75224 --- [autism-support-platform] [           main] org.hibernate.SQL                        : alter table if exists votes add constraint FKli4uj3ic2vypf5pialchj925e foreign key (user_id) references users
2026-06-05T20:27:19.156+03:00 DEBUG 75224 --- [autism-support-platform] [           main] org.hibernate.SQL                        : alter table if exists wellbeing_entries add constraint FK3jtvoj9vqukbk008yrj4u5fdi foreign key (user_id) references users
2026-06-05T20:27:19.159+03:00  INFO 75224 --- [autism-support-platform] [           main] j.LocalContainerEntityManagerFactoryBean : Initialized JPA EntityManagerFactory for persistence unit 'default'
2026-06-05T20:27:19.281+03:00  INFO 75224 --- [autism-support-platform] [           main] o.s.d.j.r.query.QueryEnhancerFactory     : Hibernate is in classpath; If applicable, HQL parser will be used.
2026-06-05T20:27:19.719+03:00 DEBUG 75224 --- [autism-support-platform] [           main] o.s.b.w.s.ServletContextInitializerBeans : Mapping filters: springSecurityFilterChain urls=[/*] order=-100, characterEncodingFilter urls=[/*] order=-2147483648, formContentFilter urls=[/*] order=-9900, requestContextFilter urls=[/*] order=-105, jwtAuthenticationFilter urls=[/*] order=2147483647
2026-06-05T20:27:19.719+03:00 DEBUG 75224 --- [autism-support-platform] [           main] o.s.b.w.s.ServletContextInitializerBeans : Mapping servlets: dispatcherServlet urls=[/]
2026-06-05T20:27:19.733+03:00 DEBUG 75224 --- [autism-support-platform] [           main] o.s.b.w.s.f.OrderedRequestContextFilter  : Filter 'requestContextFilter' configured for use
2026-06-05T20:27:19.734+03:00 DEBUG 75224 --- [autism-support-platform] [           main] s.b.w.s.f.OrderedCharacterEncodingFilter : Filter 'characterEncodingFilter' configured for use
2026-06-05T20:27:19.734+03:00 DEBUG 75224 --- [autism-support-platform] [           main] .DelegatingFilterProxyRegistrationBean$1 : Filter 'springSecurityFilterChain' configured for use
2026-06-05T20:27:19.734+03:00 DEBUG 75224 --- [autism-support-platform] [           main] o.s.b.w.s.f.OrderedFormContentFilter     : Filter 'formContentFilter' configured for use
2026-06-05T20:27:19.884+03:00  WARN 75224 --- [autism-support-platform] [           main] c.a.p.config.StartupSecurityCheck        : GÜVENLIK UYARISI: APP_BOOTSTRAP_ADMIN_PASSWORD varsayilan deger. Uretim ortaminda degistirin!
2026-06-05T20:27:19.884+03:00  WARN 75224 --- [autism-support-platform] [           main] c.a.p.config.StartupSecurityCheck        : Yukaridaki guvensiz varsayilan degerler .env dosyaniza veya ortam degiskenleri araciligiyla degistirilmeli.
2026-06-05T20:27:20.969+03:00 DEBUG 75224 --- [autism-support-platform] [           main] o.s.w.s.s.s.WebSocketHandlerMapping      : Patterns [/ws/**] in 'stompWebSocketHandlerMapping'
2026-06-05T20:27:21.039+03:00 DEBUG 75224 --- [autism-support-platform] [           main] s.w.s.m.m.a.RequestMappingHandlerMapping : 268 mappings in 'requestMappingHandlerMapping'
2026-06-05T20:27:21.068+03:00 DEBUG 75224 --- [autism-support-platform] [           main] o.s.w.s.handler.SimpleUrlHandlerMapping  : Patterns [/webjars/**, /**, /swagger-ui*/*swagger-initializer.js, /swagger-ui*/**] in 'resourceHandlerMapping'
2026-06-05T20:27:21.102+03:00 DEBUG 75224 --- [autism-support-platform] [           main] .WebSocketAnnotationMethodMessageHandler : 
	c.a.p.c.ABCEntryController:
	
2026-06-05T20:27:21.102+03:00 DEBUG 75224 --- [autism-support-platform] [           main] .WebSocketAnnotationMethodMessageHandler : 
	c.a.p.c.AdminController:
	
2026-06-05T20:27:21.102+03:00 DEBUG 75224 --- [autism-support-platform] [           main] .WebSocketAnnotationMethodMessageHandler : 
	c.a.p.c.AiInsightsController:
	
2026-06-05T20:27:21.102+03:00 DEBUG 75224 --- [autism-support-platform] [           main] .WebSocketAnnotationMethodMessageHandler : 
	c.a.p.c.AnalyticsController:
	
2026-06-05T20:27:21.102+03:00 DEBUG 75224 --- [autism-support-platform] [           main] .WebSocketAnnotationMethodMessageHandler : 
	c.a.p.c.AppointmentController:
	
2026-06-05T20:27:21.103+03:00 DEBUG 75224 --- [autism-support-platform] [           main] .WebSocketAnnotationMethodMessageHandler : 
	c.a.p.c.ArticleCommentController:
	
2026-06-05T20:27:21.103+03:00 DEBUG 75224 --- [autism-support-platform] [           main] .WebSocketAnnotationMethodMessageHandler : 
	c.a.p.c.AuthController:
	
2026-06-05T20:27:21.103+03:00 DEBUG 75224 --- [autism-support-platform] [           main] .WebSocketAnnotationMethodMessageHandler : 
	c.a.p.c.BepReportController:
	
2026-06-05T20:27:21.103+03:00 DEBUG 75224 --- [autism-support-platform] [           main] .WebSocketAnnotationMethodMessageHandler : 
	c.a.p.c.BuddyController:
	
2026-06-05T20:27:21.103+03:00 DEBUG 75224 --- [autism-support-platform] [           main] .WebSocketAnnotationMethodMessageHandler : 
	c.a.p.c.CalendarController:
	
2026-06-05T20:27:21.103+03:00 DEBUG 75224 --- [autism-support-platform] [           main] .WebSocketAnnotationMethodMessageHandler : 
	c.a.p.c.ChatbotController:
	
2026-06-05T20:27:21.103+03:00 DEBUG 75224 --- [autism-support-platform] [           main] .WebSocketAnnotationMethodMessageHandler : 
	c.a.p.c.ChildController:
	
2026-06-05T20:27:21.103+03:00 DEBUG 75224 --- [autism-support-platform] [           main] .WebSocketAnnotationMethodMessageHandler : 
	c.a.p.c.ClinicalDataShareController:
	
2026-06-05T20:27:21.103+03:00 DEBUG 75224 --- [autism-support-platform] [           main] .WebSocketAnnotationMethodMessageHandler : 
	c.a.p.c.DevelopmentNoteController:
	
2026-06-05T20:27:21.103+03:00 DEBUG 75224 --- [autism-support-platform] [           main] .WebSocketAnnotationMethodMessageHandler : 
	c.a.p.c.EmergencyCardController:
	
2026-06-05T20:27:21.103+03:00 DEBUG 75224 --- [autism-support-platform] [           main] .WebSocketAnnotationMethodMessageHandler : 
	c.a.p.c.ExpertController:
	
2026-06-05T20:27:21.103+03:00 DEBUG 75224 --- [autism-support-platform] [           main] .WebSocketAnnotationMethodMessageHandler : 
	c.a.p.c.ExpertReviewController:
	
2026-06-05T20:27:21.103+03:00 DEBUG 75224 --- [autism-support-platform] [           main] .WebSocketAnnotationMethodMessageHandler : 
	c.a.p.c.FamilyMeetingController:
	
2026-06-05T20:27:21.103+03:00 DEBUG 75224 --- [autism-support-platform] [           main] .WebSocketAnnotationMethodMessageHandler : 
	c.a.p.c.FileUploadController:
	
2026-06-05T20:27:21.103+03:00 DEBUG 75224 --- [autism-support-platform] [           main] .WebSocketAnnotationMethodMessageHandler : 
	c.a.p.c.ForumController:
	
2026-06-05T20:27:21.103+03:00 DEBUG 75224 --- [autism-support-platform] [           main] .WebSocketAnnotationMethodMessageHandler : 
	c.a.p.c.GoalController:
	
2026-06-05T20:27:21.103+03:00 DEBUG 75224 --- [autism-support-platform] [           main] .WebSocketAnnotationMethodMessageHandler : 
	c.a.p.c.GroupController:
	
2026-06-05T20:27:21.103+03:00 DEBUG 75224 --- [autism-support-platform] [           main] .WebSocketAnnotationMethodMessageHandler : 
	c.a.p.c.HealthController:
	
2026-06-05T20:27:21.103+03:00 DEBUG 75224 --- [autism-support-platform] [           main] .WebSocketAnnotationMethodMessageHandler : 
	c.a.p.c.KnowledgeArticleController:
	
2026-06-05T20:27:21.103+03:00 DEBUG 75224 --- [autism-support-platform] [           main] .WebSocketAnnotationMethodMessageHandler : 
	c.a.p.c.MatchingController:
	
2026-06-05T20:27:21.103+03:00 DEBUG 75224 --- [autism-support-platform] [           main] .WebSocketAnnotationMethodMessageHandler : 
	c.a.p.c.MedicationController:
	
2026-06-05T20:27:21.103+03:00 DEBUG 75224 --- [autism-support-platform] [           main] .WebSocketAnnotationMethodMessageHandler : 
	c.a.p.c.MessagingController:
	
2026-06-05T20:27:21.103+03:00 DEBUG 75224 --- [autism-support-platform] [           main] .WebSocketAnnotationMethodMessageHandler : 
	c.a.p.c.MilestoneController:
	
2026-06-05T20:27:21.103+03:00 DEBUG 75224 --- [autism-support-platform] [           main] .WebSocketAnnotationMethodMessageHandler : 
	c.a.p.c.MoodEntryController:
	
2026-06-05T20:27:21.103+03:00 DEBUG 75224 --- [autism-support-platform] [           main] .WebSocketAnnotationMethodMessageHandler : 
	c.a.p.c.NotificationController:
	
2026-06-05T20:27:21.103+03:00 DEBUG 75224 --- [autism-support-platform] [           main] .WebSocketAnnotationMethodMessageHandler : 
	c.a.p.c.NutritionController:
	
2026-06-05T20:27:21.103+03:00 DEBUG 75224 --- [autism-support-platform] [           main] .WebSocketAnnotationMethodMessageHandler : 
	c.a.p.c.PatientController:
	
2026-06-05T20:27:21.103+03:00 DEBUG 75224 --- [autism-support-platform] [           main] .WebSocketAnnotationMethodMessageHandler : 
	c.a.p.c.PdfReportController:
	
2026-06-05T20:27:21.103+03:00 DEBUG 75224 --- [autism-support-platform] [           main] .WebSocketAnnotationMethodMessageHandler : 
	c.a.p.c.PushController:
	
2026-06-05T20:27:21.103+03:00 DEBUG 75224 --- [autism-support-platform] [           main] .WebSocketAnnotationMethodMessageHandler : 
	c.a.p.c.ReportController:
	
2026-06-05T20:27:21.103+03:00 DEBUG 75224 --- [autism-support-platform] [           main] .WebSocketAnnotationMethodMessageHandler : 
	c.a.p.c.RoutineController:
	
2026-06-05T20:27:21.103+03:00 DEBUG 75224 --- [autism-support-platform] [           main] .WebSocketAnnotationMethodMessageHandler : 
	c.a.p.c.SchoolDiaryController:
	
2026-06-05T20:27:21.103+03:00 DEBUG 75224 --- [autism-support-platform] [           main] .WebSocketAnnotationMethodMessageHandler : 
	c.a.p.c.ScreeningResultController:
	
2026-06-05T20:27:21.103+03:00 DEBUG 75224 --- [autism-support-platform] [           main] .WebSocketAnnotationMethodMessageHandler : 
	c.a.p.c.SearchController:
	
2026-06-05T20:27:21.103+03:00 DEBUG 75224 --- [autism-support-platform] [           main] .WebSocketAnnotationMethodMessageHandler : 
	c.a.p.c.SensoryProfileController:
	
2026-06-05T20:27:21.103+03:00 DEBUG 75224 --- [autism-support-platform] [           main] .WebSocketAnnotationMethodMessageHandler : 
	c.a.p.c.SharedProgressController:
	
2026-06-05T20:27:21.103+03:00 DEBUG 75224 --- [autism-support-platform] [           main] .WebSocketAnnotationMethodMessageHandler : 
	c.a.p.c.SleepEntryController:
	
2026-06-05T20:27:21.103+03:00 DEBUG 75224 --- [autism-support-platform] [           main] .WebSocketAnnotationMethodMessageHandler : 
	c.a.p.c.SocialStoryController:
	
2026-06-05T20:27:21.103+03:00 DEBUG 75224 --- [autism-support-platform] [           main] .WebSocketAnnotationMethodMessageHandler : 
	c.a.p.c.TagController:
	
2026-06-05T20:27:21.103+03:00 DEBUG 75224 --- [autism-support-platform] [           main] .WebSocketAnnotationMethodMessageHandler : 
	c.a.p.c.TaskSubmissionController:
	
2026-06-05T20:27:21.103+03:00 DEBUG 75224 --- [autism-support-platform] [           main] .WebSocketAnnotationMethodMessageHandler : 
	c.a.p.c.TreatmentStateController:
	
2026-06-05T20:27:21.103+03:00 DEBUG 75224 --- [autism-support-platform] [           main] .WebSocketAnnotationMethodMessageHandler : 
	c.a.p.c.UserController:
	
2026-06-05T20:27:21.103+03:00 DEBUG 75224 --- [autism-support-platform] [           main] .WebSocketAnnotationMethodMessageHandler : 
	c.a.p.c.UserPresenceController:
	
2026-06-05T20:27:21.103+03:00 DEBUG 75224 --- [autism-support-platform] [           main] .WebSocketAnnotationMethodMessageHandler : 
	c.a.p.c.VenueController:
	
2026-06-05T20:27:21.103+03:00 DEBUG 75224 --- [autism-support-platform] [           main] .WebSocketAnnotationMethodMessageHandler : 
	c.a.p.c.VoteController:
	
2026-06-05T20:27:21.103+03:00 DEBUG 75224 --- [autism-support-platform] [           main] .WebSocketAnnotationMethodMessageHandler : 
	c.a.p.c.WellbeingEntryController:
	
2026-06-05T20:27:21.104+03:00 DEBUG 75224 --- [autism-support-platform] [           main] .WebSocketAnnotationMethodMessageHandler : 
	c.a.p.w.ChatController:
	{[MESSAGE],[/chat/{conversationId}]}: sendConversationMessage(UUID,ChatMessage,SimpMessageHeaderAccessor)
	{[MESSAGE],[/chat.send]}: sendMessage(ChatMessage,SimpMessageHeaderAccessor)
	{[MESSAGE],[/chat/{conversationId}/typing]}: sendTyping(UUID,SimpMessageHeaderAccessor)
2026-06-05T20:27:21.104+03:00 DEBUG 75224 --- [autism-support-platform] [           main] .WebSocketAnnotationMethodMessageHandler : 
	c.a.p.w.NotificationWsController:
	{[MESSAGE],[/notifications/ping]}: handlePing(Principal)
2026-06-05T20:27:21.105+03:00 DEBUG 75224 --- [autism-support-platform] [           main] .WebSocketAnnotationMethodMessageHandler : 
	o.s.b.a.w.s.e.BasicErrorController:
	
2026-06-05T20:27:21.105+03:00 DEBUG 75224 --- [autism-support-platform] [           main] .WebSocketAnnotationMethodMessageHandler : 
	o.s.w.a.OpenApiWebMvcResource:
	
2026-06-05T20:27:21.105+03:00 DEBUG 75224 --- [autism-support-platform] [           main] .WebSocketAnnotationMethodMessageHandler : 
	o.s.w.u.SwaggerWelcomeWebMvc:
	
2026-06-05T20:27:21.105+03:00 DEBUG 75224 --- [autism-support-platform] [           main] .WebSocketAnnotationMethodMessageHandler : 
	o.s.w.u.SwaggerConfigResource:
	
2026-06-05T20:27:21.126+03:00 DEBUG 75224 --- [autism-support-platform] [           main] s.w.s.m.m.a.RequestMappingHandlerAdapter : ControllerAdvice beans: 0 @ModelAttribute, 0 @InitBinder, 1 RequestBodyAdvice, 1 ResponseBodyAdvice
2026-06-05T20:27:21.139+03:00 DEBUG 75224 --- [autism-support-platform] [           main] .m.m.a.ExceptionHandlerExceptionResolver : ControllerAdvice beans: 2 @ExceptionHandler, 1 ResponseBodyAdvice
2026-06-05T20:27:21.266+03:00  INFO 75224 --- [autism-support-platform] [           main] o.s.b.w.embedded.tomcat.TomcatWebServer  : Tomcat started on port 60252 (http) with context path '/'
2026-06-05T20:27:21.266+03:00 DEBUG 75224 --- [autism-support-platform] [           main] org.springframework.web.SimpLogging      : clientOutboundChannel added SubProtocolWebSocketHandler[StompSubProtocolHandler[v10.stomp, v11.stomp, v12.stomp]]
2026-06-05T20:27:21.267+03:00 DEBUG 75224 --- [autism-support-platform] [           main] org.springframework.web.SimpLogging      : clientInboundChannel added WebSocketAnnotationMethodMessageHandler[prefixes=[/app/]]
2026-06-05T20:27:21.267+03:00  INFO 75224 --- [autism-support-platform] [           main] o.s.m.s.b.SimpleBrokerMessageHandler     : Starting...
2026-06-05T20:27:21.267+03:00 DEBUG 75224 --- [autism-support-platform] [           main] org.springframework.web.SimpLogging      : clientInboundChannel added SimpleBrokerMessageHandler [org.springframework.messaging.simp.broker.DefaultSubscriptionRegistry@54326926]
2026-06-05T20:27:21.267+03:00 DEBUG 75224 --- [autism-support-platform] [           main] org.springframework.web.SimpLogging      : brokerChannel added SimpleBrokerMessageHandler [org.springframework.messaging.simp.broker.DefaultSubscriptionRegistry@54326926]
2026-06-05T20:27:21.267+03:00  INFO 75224 --- [autism-support-platform] [           main] o.s.m.s.b.SimpleBrokerMessageHandler     : BrokerAvailabilityEvent[available=true, SimpleBrokerMessageHandler [org.springframework.messaging.simp.broker.DefaultSubscriptionRegistry@54326926]]
2026-06-05T20:27:21.267+03:00  INFO 75224 --- [autism-support-platform] [           main] o.s.m.s.b.SimpleBrokerMessageHandler     : Started.
2026-06-05T20:27:21.267+03:00 DEBUG 75224 --- [autism-support-platform] [           main] org.springframework.web.SimpLogging      : clientInboundChannel added UserDestinationMessageHandler[DefaultUserDestinationResolver[prefix=/user/]]
2026-06-05T20:27:21.267+03:00 DEBUG 75224 --- [autism-support-platform] [           main] org.springframework.web.SimpLogging      : brokerChannel added UserDestinationMessageHandler[DefaultUserDestinationResolver[prefix=/user/]]
2026-06-05T20:27:21.271+03:00 DEBUG 75224 --- [autism-support-platform] [           main] .s.b.a.l.ConditionEvaluationReportLogger : 


============================
CONDITIONS EVALUATION REPORT
============================


Positive matches:
-----------------

   AopAutoConfiguration matched:
      - @ConditionalOnProperty (spring.aop.auto=true) matched (OnPropertyCondition)

   AopAutoConfiguration.AspectJAutoProxyingConfiguration matched:
      - @ConditionalOnClass found required class 'org.aspectj.weaver.Advice' (OnClassCondition)

   AopAutoConfiguration.AspectJAutoProxyingConfiguration.CglibAutoProxyConfiguration matched:
      - @ConditionalOnProperty (spring.aop.proxy-target-class=true) matched (OnPropertyCondition)

   ApplicationAvailabilityAutoConfiguration#applicationAvailability matched:
[...]
2026-06-05T20:27:21.666+03:00 DEBUG 75224 --- [autism-support-platform] [o-auto-1-exec-2] s.w.s.m.m.a.RequestMappingHandlerMapping : Mapped to com.autismsupport.platform.controller.WellbeingEntryController#upsert(WellbeingEntryDto, UserPrincipal)
2026-06-05T20:27:21.671+03:00 DEBUG 75224 --- [autism-support-platform] [o-auto-1-exec-2] m.m.a.RequestResponseBodyMethodProcessor : Read "application/json;charset=UTF-8" to [WellbeingEntryDto(id=null, entryDate=2026-06-04, answers=[7, 8, 6, 9, 7], score=74, notes=Haftalik r (truncated)...]
2026-06-05T20:27:21.676+03:00 DEBUG 75224 --- [autism-support-platform] [o-auto-1-exec-2] org.hibernate.SQL                        : select u1_0.id,u1_0.bio,u1_0.city,u1_0.created_at,u1_0.email,u1_0.expert_title,u1_0.full_name,u1_0.institution,u1_0.is_active,u1_0.kvkk_consent,u1_0.kvkk_consent_date,u1_0.latitude,u1_0.license_number,u1_0.license_verified,u1_0.license_verified_at,u1_0.longitude,u1_0.matching_enabled,u1_0.password_hash,u1_0.phone,u1_0.profile_image_url,u1_0.role,u1_0.specializations,u1_0.updated_at,u1_0.is_verified from users u1_0 where u1_0.id=?
2026-06-05T20:27:21.678+03:00 DEBUG 75224 --- [autism-support-platform] [o-auto-1-exec-2] org.hibernate.SQL                        : select we1_0.id,we1_0.answers,we1_0.created_at,we1_0.entry_date,we1_0.notes,we1_0.score,we1_0.user_id from wellbeing_entries we1_0 where we1_0.user_id=? and we1_0.entry_date=?
2026-06-05T20:27:21.679+03:00 DEBUG 75224 --- [autism-support-platform] [o-auto-1-exec-2] org.hibernate.SQL                        : insert into wellbeing_entries (answers,created_at,entry_date,notes,score,user_id,id) values (?,?,?,?,?,?,?)
2026-06-05T20:27:21.680+03:00 DEBUG 75224 --- [autism-support-platform] [o-auto-1-exec-2] o.s.w.s.m.m.a.HttpEntityMethodProcessor  : Using 'application/json', given [application/json, application/*+json] and supported [application/json, application/*+json]
2026-06-05T20:27:21.680+03:00 DEBUG 75224 --- [autism-support-platform] [o-auto-1-exec-2] o.s.w.s.m.m.a.HttpEntityMethodProcessor  : Writing [ApiResponse(success=true, message=Refah kaydedildi, data=WellbeingEntryDto(id=fb234df2-3497-4ca9-8a0 (truncated)...]
2026-06-05T20:27:21.681+03:00 DEBUG 75224 --- [autism-support-platform] [o-auto-1-exec-2] o.s.web.servlet.DispatcherServlet        : Completed 200 OK
2026-06-05T20:27:21.681+03:00 DEBUG 75224 --- [autism-support-platform] [           main] o.s.web.client.RestTemplate              : Response 200 OK
2026-06-05T20:27:21.681+03:00 DEBUG 75224 --- [autism-support-platform] [           main] o.s.web.client.RestTemplate              : Reading to [java.util.Map<java.lang.String, java.lang.Object>]
2026-06-05T20:27:21.682+03:00 DEBUG 75224 --- [autism-support-platform] [           main] o.s.web.client.RestTemplate              : HTTP GET http://localhost:60252/api/wellbeing
2026-06-05T20:27:21.682+03:00 DEBUG 75224 --- [autism-support-platform] [           main] o.s.web.client.RestTemplate              : Accept=[application/json, application/*+json]
2026-06-05T20:27:21.684+03:00 DEBUG 75224 --- [autism-support-platform] [o-auto-1-exec-3] org.hibernate.SQL                        : select u1_0.id,u1_0.bio,u1_0.city,u1_0.created_at,u1_0.email,u1_0.expert_title,u1_0.full_name,u1_0.institution,u1_0.is_active,u1_0.kvkk_consent,u1_0.kvkk_consent_date,u1_0.latitude,u1_0.license_number,u1_0.license_verified,u1_0.license_verified_at,u1_0.longitude,u1_0.matching_enabled,u1_0.password_hash,u1_0.phone,u1_0.profile_image_url,u1_0.role,u1_0.specializations,u1_0.updated_at,u1_0.is_verified from users u1_0 where u1_0.id=?
2026-06-05T20:27:21.684+03:00 DEBUG 75224 --- [autism-support-platform] [o-auto-1-exec-3] o.s.web.servlet.DispatcherServlet        : GET "/api/wellbeing", parameters={}
2026-06-05T20:27:21.684+03:00 DEBUG 75224 --- [autism-support-platform] [o-auto-1-exec-3] s.w.s.m.m.a.RequestMappingHandlerMapping : Mapped to com.autismsupport.platform.controller.WellbeingEntryController#getAll(UserPrincipal)
2026-06-05T20:27:21.697+03:00 DEBUG 75224 --- [autism-support-platform] [o-auto-1-exec-3] org.hibernate.SQL                        : select we1_0.id,we1_0.answers,we1_0.created_at,we1_0.entry_date,we1_0.notes,we1_0.score,we1_0.user_id from wellbeing_entries we1_0 where we1_0.user_id=? order by we1_0.entry_date desc
2026-06-05T20:27:21.699+03:00 DEBUG 75224 --- [autism-support-platform] [o-auto-1-exec-3] o.s.w.s.m.m.a.HttpEntityMethodProcessor  : Using 'application/json', given [application/json, application/*+json] and supported [application/json, application/*+json]
2026-06-05T20:27:21.699+03:00 DEBUG 75224 --- [autism-support-platform] [o-auto-1-exec-3] o.s.w.s.m.m.a.HttpEntityMethodProcessor  : Writing [ApiResponse(success=true, message=null, data=[WellbeingEntryDto(id=fb234df2-3497-4ca9-8a02-a83f4e1f0 (truncated)...]
2026-06-05T20:27:21.700+03:00 DEBUG 75224 --- [autism-support-platform] [o-auto-1-exec-3] o.s.web.servlet.DispatcherServlet        : Completed 200 OK
2026-06-05T20:27:21.700+03:00 DEBUG 75224 --- [autism-support-platform] [           main] o.s.web.client.RestTemplate              : Response 200 OK
2026-06-05T20:27:21.700+03:00 DEBUG 75224 --- [autism-support-platform] [           main] o.s.web.client.RestTemplate              : Reading to [java.util.Map<java.lang.String, java.lang.Object>]
2026-06-05T20:27:21.703+03:00 DEBUG 75224 --- [autism-support-platform] [           main] o.s.web.client.RestTemplate              : HTTP POST http://localhost:60252/api/wellbeing
2026-06-05T20:27:21.703+03:00 DEBUG 75224 --- [autism-support-platform] [           main] o.s.web.client.RestTemplate              : Accept=[application/json, application/*+json]
2026-06-05T20:27:21.703+03:00 DEBUG 75224 --- [autism-support-platform] [           main] o.s.web.client.RestTemplate              : Writing [{entryDate=2026-06-04, answers=[9, 9, 8, 9, 8], score=86, notes=Ayni gun guncellendi}] with org.springframework.http.converter.json.MappingJackson2HttpMessageConverter
2026-06-05T20:27:21.704+03:00 DEBUG 75224 --- [autism-support-platform] [o-auto-1-exec-4] org.hibernate.SQL                        : select u1_0.id,u1_0.bio,u1_0.city,u1_0.created_at,u1_0.email,u1_0.expert_title,u1_0.full_name,u1_0.institution,u1_0.is_active,u1_0.kvkk_consent,u1_0.kvkk_consent_date,u1_0.latitude,u1_0.license_number,u1_0.license_verified,u1_0.license_verified_at,u1_0.longitude,u1_0.matching_enabled,u1_0.password_hash,u1_0.phone,u1_0.profile_image_url,u1_0.role,u1_0.specializations,u1_0.updated_at,u1_0.is_verified from users u1_0 where u1_0.id=?
2026-06-05T20:27:21.705+03:00 DEBUG 75224 --- [autism-support-platform] [o-auto-1-exec-4] o.s.web.servlet.DispatcherServlet        : POST "/api/wellbeing", parameters={}
2026-06-05T20:27:21.705+03:00 DEBUG 75224 --- [autism-support-platform] [o-auto-1-exec-4] s.w.s.m.m.a.RequestMappingHandlerMapping : Mapped to com.autismsupport.platform.controller.WellbeingEntryController#upsert(WellbeingEntryDto, UserPrincipal)
2026-06-05T20:27:21.705+03:00 DEBUG 75224 --- [autism-support-platform] [o-auto-1-exec-4] m.m.a.RequestResponseBodyMethodProcessor : Read "application/json;charset=UTF-8" to [WellbeingEntryDto(id=null, entryDate=2026-06-04, answers=[9, 9, 8, 9, 8], score=86, notes=Ayni gun g (truncated)...]
2026-06-05T20:27:21.706+03:00 DEBUG 75224 --- [autism-support-platform] [o-auto-1-exec-4] org.hibernate.SQL                        : select u1_0.id,u1_0.bio,u1_0.city,u1_0.created_at,u1_0.email,u1_0.expert_title,u1_0.full_name,u1_0.institution,u1_0.is_active,u1_0.kvkk_consent,u1_0.kvkk_consent_date,u1_0.latitude,u1_0.license_number,u1_0.license_verified,u1_0.license_verified_at,u1_0.longitude,u1_0.matching_enabled,u1_0.password_hash,u1_0.phone,u1_0.profile_image_url,u1_0.role,u1_0.specializations,u1_0.updated_at,u1_0.is_verified from users u1_0 where u1_0.id=?
2026-06-05T20:27:21.706+03:00 DEBUG 75224 --- [autism-support-platform] [o-auto-1-exec-4] org.hibernate.SQL                        : select we1_0.id,we1_0.answers,we1_0.created_at,we1_0.entry_date,we1_0.notes,we1_0.score,we1_0.user_id from wellbeing_entries we1_0 where we1_0.user_id=? and we1_0.entry_date=?
2026-06-05T20:27:21.711+03:00 DEBUG 75224 --- [autism-support-platform] [o-auto-1-exec-4] org.hibernate.SQL                        : update wellbeing_entries set answers=?,entry_date=?,notes=?,score=?,user_id=? where id=?
2026-06-05T20:27:21.712+03:00 DEBUG 75224 --- [autism-support-platform] [o-auto-1-exec-4] o.s.w.s.m.m.a.HttpEntityMethodProcessor  : Using 'application/json', given [application/json, application/*+json] and supported [application/json, application/*+json]
2026-06-05T20:27:21.712+03:00 DEBUG 75224 --- [autism-support-platform] [o-auto-1-exec-4] o.s.w.s.m.m.a.HttpEntityMethodProcessor  : Writing [ApiResponse(success=true, message=Refah kaydedildi, data=WellbeingEntryDto(id=fb234df2-3497-4ca9-8a0 (truncated)...]
2026-06-05T20:27:21.713+03:00 DEBUG 75224 --- [autism-support-platform] [o-auto-1-exec-4] o.s.web.servlet.DispatcherServlet        : Completed 200 OK
2026-06-05T20:27:21.713+03:00 DEBUG 75224 --- [autism-support-platform] [           main] o.s.web.client.RestTemplate              : Response 200 OK
2026-06-05T20:27:21.713+03:00 DEBUG 75224 --- [autism-support-platform] [           main] o.s.web.client.RestTemplate              : Reading to [java.util.Map<java.lang.String, java.lang.Object>]
2026-06-05T20:27:21.713+03:00 DEBUG 75224 --- [autism-support-platform] [           main] o.s.web.client.RestTemplate              : HTTP DELETE http://localhost:60252/api/wellbeing/fb234df2-3497-4ca9-8a02-a83f4e1f0c43
2026-06-05T20:27:21.713+03:00 DEBUG 75224 --- [autism-support-platform] [           main] o.s.web.client.RestTemplate              : Accept=[application/json, application/*+json]
2026-06-05T20:27:21.715+03:00 DEBUG 75224 --- [autism-support-platform] [o-auto-1-exec-5] org.hibernate.SQL                        : select u1_0.id,u1_0.bio,u1_0.city,u1_0.created_at,u1_0.email,u1_0.expert_title,u1_0.full_name,u1_0.institution,u1_0.is_active,u1_0.kvkk_consent,u1_0.kvkk_consent_date,u1_0.latitude,u1_0.license_number,u1_0.license_verified,u1_0.license_verified_at,u1_0.longitude,u1_0.matching_enabled,u1_0.password_hash,u1_0.phone,u1_0.profile_image_url,u1_0.role,u1_0.specializations,u1_0.updated_at,u1_0.is_verified from users u1_0 where u1_0.id=?
2026-06-05T20:27:21.716+03:00 DEBUG 75224 --- [autism-support-platform] [o-auto-1-exec-5] o.s.web.servlet.DispatcherServlet        : DELETE "/api/wellbeing/fb234df2-3497-4ca9-8a02-a83f4e1f0c43", parameters={}
2026-06-05T20:27:21.716+03:00 DEBUG 75224 --- [autism-support-platform] [o-auto-1-exec-5] s.w.s.m.m.a.RequestMappingHandlerMapping : Mapped to com.autismsupport.platform.controller.WellbeingEntryController#delete(UUID, UserPrincipal)
2026-06-05T20:27:21.717+03:00 DEBUG 75224 --- [autism-support-platform] [o-auto-1-exec-5] org.hibernate.SQL                        : select we1_0.id,we1_0.answers,we1_0.created_at,we1_0.entry_date,we1_0.notes,we1_0.score,we1_0.user_id from wellbeing_entries we1_0 where we1_0.id=?
2026-06-05T20:27:21.719+03:00 DEBUG 75224 --- [autism-support-platform] [o-auto-1-exec-5] org.hibernate.SQL                        : delete from wellbeing_entries where id=?
2026-06-05T20:27:21.721+03:00 DEBUG 75224 --- [autism-support-platform] [o-auto-1-exec-5] o.s.w.s.m.m.a.HttpEntityMethodProcessor  : Using 'application/json', given [application/json, application/*+json] and supported [application/json, application/*+json]
2026-06-05T20:27:21.721+03:00 DEBUG 75224 --- [autism-support-platform] [o-auto-1-exec-5] o.s.w.s.m.m.a.HttpEntityMethodProcessor  : Writing [ApiResponse(success=true, message=Kayit silindi, data=null)]
2026-06-05T20:27:21.721+03:00 DEBUG 75224 --- [autism-support-platform] [o-auto-1-exec-5] o.s.web.servlet.DispatcherServlet        : Completed 200 OK
2026-06-05T20:27:21.721+03:00 DEBUG 75224 --- [autism-support-platform] [           main] o.s.web.client.RestTemplate              : Response 200 OK
2026-06-05T20:27:21.722+03:00 DEBUG 75224 --- [autism-support-platform] [           main] o.s.web.client.RestTemplate              : Reading to [java.util.Map<java.lang.String, java.lang.Object>]
]]></system-out>
  </testcase>
  <testcase name="upsertRejectsInvalidAnswerCount" classname="com.autismsupport.platform.controller.WellbeingEntryControllerIntegrationTest" time="0.082">
    <system-out><![CDATA[2026-06-05T20:27:21.726+03:00 DEBUG 75224 --- [autism-support-platform] [           main] o.s.web.client.RestTemplate              : HTTP POST http://localhost:60252/api/auth/register
2026-06-05T20:27:21.727+03:00 DEBUG 75224 --- [autism-support-platform] [           main] o.s.web.client.RestTemplate              : Accept=[application/json, application/*+json]
2026-06-05T20:27:21.727+03:00 DEBUG 75224 --- [autism-support-platform] [           main] o.s.web.client.RestTemplate              : Writing [{email=parent-6dd5eec8-1b28-437f-9ce5-f1579d14b242@example.com, password=StrongPass123!, role=PARENT, kvkkConsent=true, fullName=Integration Parent}] with org.springframework.http.converter.json.MappingJackson2HttpMessageConverter
2026-06-05T20:27:21.728+03:00 DEBUG 75224 --- [autism-support-platform] [o-auto-1-exec-6] o.s.web.servlet.DispatcherServlet        : POST "/api/auth/register", parameters={}
2026-06-05T20:27:21.728+03:00 DEBUG 75224 --- [autism-support-platform] [o-auto-1-exec-6] s.w.s.m.m.a.RequestMappingHandlerMapping : Mapped to com.autismsupport.platform.controller.AuthController#register(RegisterRequest)
2026-06-05T20:27:21.728+03:00 DEBUG 75224 --- [autism-support-platform] [o-auto-1-exec-6] m.m.a.RequestResponseBodyMethodProcessor : Read "application/json;charset=UTF-8" to [RegisterRequest(email=parent-6dd5eec8-1b28-437f-9ce5-f1579d14b242@example.com, password=StrongPass12 (truncated)...]
2026-06-05T20:27:21.729+03:00 DEBUG 75224 --- [autism-support-platform] [o-auto-1-exec-6] org.hibernate.SQL                        : select u1_0.id from users u1_0 where u1_0.email=? fetch first ? rows only
2026-06-05T20:27:21.790+03:00 DEBUG 75224 --- [autism-support-platform] [o-auto-1-exec-6] org.hibernate.SQL                        : insert into users (bio,city,created_at,email,expert_title,full_name,institution,is_active,kvkk_consent,kvkk_consent_date,latitude,license_number,license_verified,license_verified_at,longitude,matching_enabled,password_hash,phone,profile_image_url,role,specializations,updated_at,is_verified,id) values (?,?,?,?,?,?,?,?,?,?,?,?,?,?,?,?,?,?,?,?,?,?,?,?)
2026-06-05T20:27:21.791+03:00 DEBUG 75224 --- [autism-support-platform] [o-auto-1-exec-6] org.hibernate.SQL                        : insert into refresh_tokens (created_at,expires_at,token,used,user_id,id) values (?,?,?,?,?,?)
2026-06-05T20:27:21.791+03:00 DEBUG 75224 --- [autism-support-platform] [o-auto-1-exec-6] o.s.w.s.m.m.a.HttpEntityMethodProcessor  : Using 'application/json', given [application/json, application/*+json] and supported [application/json, application/*+json]
2026-06-05T20:27:21.791+03:00 DEBUG 75224 --- [autism-support-platform] [o-auto-1-exec-6] o.s.w.s.m.m.a.HttpEntityMethodProcessor  : Writing [ApiResponse(success=true, message=Kayit basarili, data=AuthResponse(accessToken=eyJhbGciOiJIUzUxMiJ9 (truncated)...]
2026-06-05T20:27:21.792+03:00 DEBUG 75224 --- [autism-support-platform] [o-auto-1-exec-6] o.s.web.servlet.DispatcherServlet        : Completed 200 OK
2026-06-05T20:27:21.792+03:00 DEBUG 75224 --- [autism-support-platform] [           main] o.s.web.client.RestTemplate              : Response 200 OK
2026-06-05T20:27:21.792+03:00 DEBUG 75224 --- [autism-support-platform] [           main] o.s.web.client.RestTemplate              : Reading to [java.util.Map<java.lang.String, java.lang.Object>]
2026-06-05T20:27:21.793+03:00 DEBUG 75224 --- [autism-support-platform] [           main] o.s.web.client.RestTemplate              : HTTP POST http://localhost:60252/api/wellbeing
2026-06-05T20:27:21.793+03:00 DEBUG 75224 --- [autism-support-platform] [           main] o.s.web.client.RestTemplate              : Accept=[application/json, application/*+json]
2026-06-05T20:27:21.793+03:00 DEBUG 75224 --- [autism-support-platform] [           main] o.s.web.client.RestTemplate              : Writing [{entryDate=2026-06-04, answers=[7, 8], score=50}] with org.springframework.http.converter.json.MappingJackson2HttpMessageConverter
2026-06-05T20:27:21.795+03:00 DEBUG 75224 --- [autism-support-platform] [o-auto-1-exec-7] org.hibernate.SQL                        : select u1_0.id,u1_0.bio,u1_0.city,u1_0.created_at,u1_0.email,u1_0.expert_title,u1_0.full_name,u1_0.institution,u1_0.is_active,u1_0.kvkk_consent,u1_0.kvkk_consent_date,u1_0.latitude,u1_0.license_number,u1_0.license_verified,u1_0.license_verified_at,u1_0.longitude,u1_0.matching_enabled,u1_0.password_hash,u1_0.phone,u1_0.profile_image_url,u1_0.role,u1_0.specializations,u1_0.updated_at,u1_0.is_verified from users u1_0 where u1_0.id=?
2026-06-05T20:27:21.795+03:00 DEBUG 75224 --- [autism-support-platform] [o-auto-1-exec-7] o.s.web.servlet.DispatcherServlet        : POST "/api/wellbeing", parameters={}
2026-06-05T20:27:21.796+03:00 DEBUG 75224 --- [autism-support-platform] [o-auto-1-exec-7] s.w.s.m.m.a.RequestMappingHandlerMapping : Mapped to com.autismsupport.platform.controller.WellbeingEntryController#upsert(WellbeingEntryDto, UserPrincipal)
2026-06-05T20:27:21.796+03:00 DEBUG 75224 --- [autism-support-platform] [o-auto-1-exec-7] m.m.a.RequestResponseBodyMethodProcessor : Read "application/json;charset=UTF-8" to [WellbeingEntryDto(id=null, entryDate=2026-06-04, answers=[7, 8], score=50, notes=null, createdAt=nul (truncated)...]
2026-06-05T20:27:21.803+03:00 DEBUG 75224 --- [autism-support-platform] [o-auto-1-exec-7] .m.m.a.ExceptionHandlerExceptionResolver : Using @ExceptionHandler com.autismsupport.platform.config.GlobalExceptionHandler#handleValidation(MethodArgumentNotValidException)
2026-06-05T20:27:21.803+03:00 DEBUG 75224 --- [autism-support-platform] [o-auto-1-exec-7] o.s.w.s.m.m.a.HttpEntityMethodProcessor  : Using 'application/json', given [application/json, application/*+json] and supported [application/json, application/*+json]
2026-06-05T20:27:21.803+03:00 DEBUG 75224 --- [autism-support-platform] [o-auto-1-exec-7] o.s.w.s.m.m.a.HttpEntityMethodProcessor  : Writing [ApiResponse(success=false, message=Doğrulama hatası, data={answers=boyut '5' ile '5' arasında olmalı (truncated)...]
2026-06-05T20:27:21.804+03:00 DEBUG 75224 --- [autism-support-platform] [o-auto-1-exec-7] .m.m.a.ExceptionHandlerExceptionResolver : Resolved [org.springframework.web.bind.MethodArgumentNotValidException: Validation failed for argument [0] in public org.springframework.http.ResponseEntity<com.autismsupport.platform.dto.ApiResponse<com.autismsupport.platform.dto.WellbeingEntryDto>> com.autismsupport.platform.controller.WellbeingEntryController.upsert(com.autismsupport.platform.dto.WellbeingEntryDto,com.autismsupport.platform.security.UserPrincipal): [Field error in object 'wellbeingEntryDto' on field 'answers': rejected value [[7, 8]]; codes [Size.wellbeingEntryDto.answers,Size.answers,Size.java.util.List,Size]; arguments [org.springframework.context.support.DefaultMessageSourceResolvable: codes [wellbeingEntryDto.answers,answers]; arguments []; default message [answers],5,5]; default message [boyut '5' ile '5' arasında olmalı]] ]
2026-06-05T20:27:21.804+03:00 DEBUG 75224 --- [autism-support-platform] [           main] o.s.web.client.RestTemplate              : Response 400 BAD_REQUEST
2026-06-05T20:27:21.804+03:00 DEBUG 75224 --- [autism-support-platform] [o-auto-1-exec-7] o.s.web.servlet.DispatcherServlet        : Completed 400 BAD_REQUEST
2026-06-05T20:27:21.804+03:00 DEBUG 75224 --- [autism-support-platform] [           main] o.s.web.client.RestTemplate              : Reading to [java.util.Map<java.lang.String, java.lang.Object>]
]]></system-out>
  </testcase>
</testsuite>