<?xml version="1.0" encoding="UTF-8"?>
<testsuite xmlns:xsi="http://www.w3.org/2001/XMLSchema-instance" xsi:noNamespaceSchemaLocation="https://maven.apache.org/surefire/maven-surefire-plugin/xsd/surefire-test-report-3.0.xsd" version="3.0" name="com.autismsupport.platform.controller.AuthControllerIntegrationTest" time="0.403" tests="3" errors="0" skipped="0" failures="0">
  <properties>
[...]
</properties>
  <testcase name="protectedEndpointRejectsRefreshToken" classname="com.autismsupport.platform.controller.AuthControllerIntegrationTest" time="0.076">
    <system-out><![CDATA[2026-06-05T20:27:21.921+03:00 DEBUG 75224 --- [autism-support-platform] [           main] .b.t.c.SpringBootTestContextBootstrapper : Neither @ContextConfiguration nor @ContextHierarchy found for test class [AuthControllerIntegrationTest]: using SpringBootContextLoader
2026-06-05T20:27:21.922+03:00  INFO 75224 --- [autism-support-platform] [           main] t.c.s.AnnotationConfigContextLoaderUtils : Could not detect default configuration classes for test class [com.autismsupport.platform.controller.AuthControllerIntegrationTest]: AuthControllerIntegrationTest does not declare any static, non-private, non-final, nested classes annotated with @Configuration.
2026-06-05T20:27:21.922+03:00 DEBUG 75224 --- [autism-support-platform] [           main] .b.t.c.SpringBootTestContextBootstrapper : Using ContextCustomizerFactory implementations for test class [AuthControllerIntegrationTest]: [ImportsContextCustomizerFactory, ExcludeFilterContextCustomizerFactory, HttpGraphQlTesterContextCustomizerFactory, DuplicateJsonObjectContextCustomizerFactory, MockitoContextCustomizerFactory, TestRestTemplateContextCustomizerFactory, WebTestClientContextCustomizerFactory, DisableReactorResourceFactoryGlobalResourcesContextCustomizerFactory, OnFailureConditionReportContextCustomizerFactory, OverrideAutoConfigurationContextCustomizerFactory, ObservabilityContextCustomizerFactory, TypeExcludeFiltersContextCustomizerFactory, PropertyMappingContextCustomizerFactory, WebDriverContextCustomizerFactory, MockServerContainerContextCustomizerFactory, DynamicPropertiesContextCustomizerFactory]
2026-06-05T20:27:21.922+03:00 DEBUG 75224 --- [autism-support-platform] [           main] .b.t.c.SpringBootTestContextBootstrapper : Using ContextCustomizers for test class [AuthControllerIntegrationTest]: [ExcludeFilterContextCustomizer, DuplicateJsonObjectContextCustomizer, MockitoContextCustomizer, TestRestTemplateContextCustomizer, DisableReactorResourceFactoryGlobalResourcesContextCustomizerCustomizer, OnFailureConditionReportContextCustomizer, DisableObservabilityContextCustomizer, PropertyMappingContextCustomizer, WebDriverContextCustomizer]
2026-06-05T20:27:21.922+03:00  INFO 75224 --- [autism-support-platform] [           main] .b.t.c.SpringBootTestContextBootstrapper : Found @SpringBootConfiguration com.autismsupport.platform.AutismSupportPlatformApplication for test class com.autismsupport.platform.controller.AuthControllerIntegrationTest
2026-06-05T20:27:21.922+03:00 DEBUG 75224 --- [autism-support-platform] [           main] .b.t.c.SpringBootTestContextBootstrapper : Using TestExecutionListeners for test class [AuthControllerIntegrationTest]: [ServletTestExecutionListener, DirtiesContextBeforeModesTestExecutionListener, ApplicationEventsTestExecutionListener, MockitoTestExecutionListener, DependencyInjectionTestExecutionListener, DirtiesContextTestExecutionListener, TransactionalTestExecutionListener, SqlScriptsTestExecutionListener, EventPublishingTestExecutionListener, WithSecurityContextTestExecutionListener, ReactorContextTestExecutionListener, ResetMocksTestExecutionListener, RestDocsTestExecutionListener, MockRestServiceServerResetTestExecutionListener, MockMvcPrintOnlyOnFailureTestExecutionListener, WebDriverTestExecutionListener, MockWebServiceServerTestExecutionListener]
2026-06-05T20:27:21.925+03:00 DEBUG 75224 --- [autism-support-platform] [           main] o.s.web.client.RestTemplate              : HTTP POST http://localhost:60252/api/auth/register
2026-06-05T20:27:21.925+03:00 DEBUG 75224 --- [autism-support-platform] [           main] o.s.web.client.RestTemplate              : Accept=[application/json, application/*+json]
2026-06-05T20:27:21.925+03:00 DEBUG 75224 --- [autism-support-platform] [           main] o.s.web.client.RestTemplate              : Writing [{email=parent-46654d61-e10e-4b79-82cf-60ba279c3850@example.com, password=StrongPass123!, role=PARENT, kvkkConsent=true, fullName=Integration Parent}] with org.springframework.http.converter.json.MappingJackson2HttpMessageConverter
2026-06-05T20:27:21.926+03:00 DEBUG 75224 --- [autism-support-platform] [o-auto-1-exec-4] o.s.web.servlet.DispatcherServlet        : POST "/api/auth/register", parameters={}
2026-06-05T20:27:21.926+03:00 DEBUG 75224 --- [autism-support-platform] [o-auto-1-exec-4] s.w.s.m.m.a.RequestMappingHandlerMapping : Mapped to com.autismsupport.platform.controller.AuthController#register(RegisterRequest)
2026-06-05T20:27:21.927+03:00 DEBUG 75224 --- [autism-support-platform] [o-auto-1-exec-4] m.m.a.RequestResponseBodyMethodProcessor : Read "application/json;charset=UTF-8" to [RegisterRequest(email=parent-46654d61-e10e-4b79-82cf-60ba279c3850@example.com, password=StrongPass12 (truncated)...]
2026-06-05T20:27:21.928+03:00 DEBUG 75224 --- [autism-support-platform] [o-auto-1-exec-4] org.hibernate.SQL                        : select u1_0.id from users u1_0 where u1_0.email=? fetch first ? rows only
2026-06-05T20:27:21.989+03:00 DEBUG 75224 --- [autism-support-platform] [o-auto-1-exec-4] org.hibernate.SQL                        : insert into users (bio,city,created_at,email,expert_title,full_name,institution,is_active,kvkk_consent,kvkk_consent_date,latitude,license_number,license_verified,license_verified_at,longitude,matching_enabled,password_hash,phone,profile_image_url,role,specializations,updated_at,is_verified,id) values (?,?,?,?,?,?,?,?,?,?,?,?,?,?,?,?,?,?,?,?,?,?,?,?)
2026-06-05T20:27:21.989+03:00 DEBUG 75224 --- [autism-support-platform] [o-auto-1-exec-4] org.hibernate.SQL                        : insert into refresh_tokens (created_at,expires_at,token,used,user_id,id) values (?,?,?,?,?,?)
2026-06-05T20:27:21.989+03:00 DEBUG 75224 --- [autism-support-platform] [o-auto-1-exec-4] o.s.w.s.m.m.a.HttpEntityMethodProcessor  : Using 'application/json', given [application/json, application/*+json] and supported [application/json, application/*+json]
2026-06-05T20:27:21.990+03:00 DEBUG 75224 --- [autism-support-platform] [o-auto-1-exec-4] o.s.w.s.m.m.a.HttpEntityMethodProcessor  : Writing [ApiResponse(success=true, message=Kayit basarili, data=AuthResponse(accessToken=eyJhbGciOiJIUzUxMiJ9 (truncated)...]
2026-06-05T20:27:21.990+03:00 DEBUG 75224 --- [autism-support-platform] [o-auto-1-exec-4] o.s.web.servlet.DispatcherServlet        : Completed 200 OK
2026-06-05T20:27:21.990+03:00 DEBUG 75224 --- [autism-support-platform] [           main] o.s.web.client.RestTemplate              : Response 200 OK
2026-06-05T20:27:21.990+03:00 DEBUG 75224 --- [autism-support-platform] [           main] o.s.web.client.RestTemplate              : Reading to [java.util.Map<java.lang.String, java.lang.Object>]
2026-06-05T20:27:21.991+03:00 DEBUG 75224 --- [autism-support-platform] [           main] o.s.web.client.RestTemplate              : HTTP GET http://localhost:60252/api/auth/me
2026-06-05T20:27:21.991+03:00 DEBUG 75224 --- [autism-support-platform] [           main] o.s.web.client.RestTemplate              : Accept=[application/json, application/*+json]
2026-06-05T20:27:21.993+03:00 DEBUG 75224 --- [autism-support-platform] [o-auto-1-exec-5] org.hibernate.SQL                        : select u1_0.id,u1_0.bio,u1_0.city,u1_0.created_at,u1_0.email,u1_0.expert_title,u1_0.full_name,u1_0.institution,u1_0.is_active,u1_0.kvkk_consent,u1_0.kvkk_consent_date,u1_0.latitude,u1_0.license_number,u1_0.license_verified,u1_0.license_verified_at,u1_0.longitude,u1_0.matching_enabled,u1_0.password_hash,u1_0.phone,u1_0.profile_image_url,u1_0.role,u1_0.specializations,u1_0.updated_at,u1_0.is_verified from users u1_0 where u1_0.id=?
2026-06-05T20:27:21.993+03:00 DEBUG 75224 --- [autism-support-platform] [o-auto-1-exec-5] o.s.web.servlet.DispatcherServlet        : GET "/api/auth/me", parameters={}
2026-06-05T20:27:21.993+03:00 DEBUG 75224 --- [autism-support-platform] [o-auto-1-exec-5] s.w.s.m.m.a.RequestMappingHandlerMapping : Mapped to com.autismsupport.platform.controller.AuthController#getCurrentUser(UserPrincipal)
2026-06-05T20:27:21.993+03:00 DEBUG 75224 --- [autism-support-platform] [o-auto-1-exec-5] org.hibernate.SQL                        : select u1_0.id,u1_0.bio,u1_0.city,u1_0.created_at,u1_0.email,u1_0.expert_title,u1_0.full_name,u1_0.institution,u1_0.is_active,u1_0.kvkk_consent,u1_0.kvkk_consent_date,u1_0.latitude,u1_0.license_number,u1_0.license_verified,u1_0.license_verified_at,u1_0.longitude,u1_0.matching_enabled,u1_0.password_hash,u1_0.phone,u1_0.profile_image_url,u1_0.role,u1_0.specializations,u1_0.updated_at,u1_0.is_verified from users u1_0 where u1_0.id=?
2026-06-05T20:27:21.994+03:00 DEBUG 75224 --- [autism-support-platform] [o-auto-1-exec-5] o.s.w.s.m.m.a.HttpEntityMethodProcessor  : Using 'application/json', given [application/json, application/*+json] and supported [application/json, application/*+json]
2026-06-05T20:27:21.994+03:00 DEBUG 75224 --- [autism-support-platform] [o-auto-1-exec-5] o.s.w.s.m.m.a.HttpEntityMethodProcessor  : Writing [ApiResponse(success=true, message=null, data=UserDto(id=26dd31d2-2506-4d6f-8c06-4cffa6c36330, email= (truncated)...]
2026-06-05T20:27:21.995+03:00 DEBUG 75224 --- [autism-support-platform] [o-auto-1-exec-5] o.s.web.servlet.DispatcherServlet        : Completed 200 OK
2026-06-05T20:27:21.995+03:00 DEBUG 75224 --- [autism-support-platform] [           main] o.s.web.client.RestTemplate              : Response 200 OK
2026-06-05T20:27:21.995+03:00 DEBUG 75224 --- [autism-support-platform] [           main] o.s.web.client.RestTemplate              : Reading to [java.util.Map<java.lang.String, java.lang.Object>]
2026-06-05T20:27:21.995+03:00 DEBUG 75224 --- [autism-support-platform] [           main] o.s.web.client.RestTemplate              : HTTP GET http://localhost:60252/api/auth/me
2026-06-05T20:27:21.995+03:00 DEBUG 75224 --- [autism-support-platform] [           main] o.s.web.client.RestTemplate              : Accept=[application/json, application/*+json]
2026-06-05T20:27:21.997+03:00 DEBUG 75224 --- [autism-support-platform] [           main] o.s.web.client.RestTemplate              : Response 401 UNAUTHORIZED
2026-06-05T20:27:21.997+03:00 DEBUG 75224 --- [autism-support-platform] [           main] o.s.web.client.RestTemplate              : Reading to [java.util.Map<java.lang.String, java.lang.Object>]
]]></system-out>
  </testcase>
  <testcase name="loginRejectsInvalidPassword" classname="com.autismsupport.platform.controller.AuthControllerIntegrationTest" time="0.193">
    <system-out><![CDATA[2026-06-05T20:27:22.001+03:00 DEBUG 75224 --- [autism-support-platform] [           main] o.s.web.client.RestTemplate              : HTTP POST http://localhost:60252/api/auth/register
2026-06-05T20:27:22.001+03:00 DEBUG 75224 --- [autism-support-platform] [           main] o.s.web.client.RestTemplate              : Accept=[application/json, application/*+json]
2026-06-05T20:27:22.001+03:00 DEBUG 75224 --- [autism-support-platform] [           main] o.s.web.client.RestTemplate              : Writing [{email=parent-9ff5cdea-269e-4c40-9415-4acafb7fd7bf@example.com, password=StrongPass123!, role=PARENT, kvkkConsent=true, fullName=Integration Parent}] with org.springframework.http.converter.json.MappingJackson2HttpMessageConverter
2026-06-05T20:27:22.002+03:00 DEBUG 75224 --- [autism-support-platform] [o-auto-1-exec-7] o.s.web.servlet.DispatcherServlet        : POST "/api/auth/register", parameters={}
2026-06-05T20:27:22.002+03:00 DEBUG 75224 --- [autism-support-platform] [o-auto-1-exec-7] s.w.s.m.m.a.RequestMappingHandlerMapping : Mapped to com.autismsupport.platform.controller.AuthController#register(RegisterRequest)
2026-06-05T20:27:22.003+03:00 DEBUG 75224 --- [autism-support-platform] [o-auto-1-exec-7] m.m.a.RequestResponseBodyMethodProcessor : Read "application/json;charset=UTF-8" to [RegisterRequest(email=parent-9ff5cdea-269e-4c40-9415-4acafb7fd7bf@example.com, password=StrongPass12 (truncated)...]
2026-06-05T20:27:22.003+03:00 DEBUG 75224 --- [autism-support-platform] [o-auto-1-exec-7] org.hibernate.SQL                        : select u1_0.id from users u1_0 where u1_0.email=? fetch first ? rows only
2026-06-05T20:27:22.064+03:00 DEBUG 75224 --- [autism-support-platform] [o-auto-1-exec-7] org.hibernate.SQL                        : insert into users (bio,city,created_at,email,expert_title,full_name,institution,is_active,kvkk_consent,kvkk_consent_date,latitude,license_number,license_verified,license_verified_at,longitude,matching_enabled,password_hash,phone,profile_image_url,role,specializations,updated_at,is_verified,id) values (?,?,?,?,?,?,?,?,?,?,?,?,?,?,?,?,?,?,?,?,?,?,?,?)
2026-06-05T20:27:22.065+03:00 DEBUG 75224 --- [autism-support-platform] [o-auto-1-exec-7] org.hibernate.SQL                        : insert into refresh_tokens (created_at,expires_at,token,used,user_id,id) values (?,?,?,?,?,?)
2026-06-05T20:27:22.065+03:00 DEBUG 75224 --- [autism-support-platform] [o-auto-1-exec-7] o.s.w.s.m.m.a.HttpEntityMethodProcessor  : Using 'application/json', given [application/json, application/*+json] and supported [application/json, application/*+json]
2026-06-05T20:27:22.065+03:00 DEBUG 75224 --- [autism-support-platform] [o-auto-1-exec-7] o.s.w.s.m.m.a.HttpEntityMethodProcessor  : Writing [ApiResponse(success=true, message=Kayit basarili, data=AuthResponse(accessToken=eyJhbGciOiJIUzUxMiJ9 (truncated)...]
2026-06-05T20:27:22.066+03:00 DEBUG 75224 --- [autism-support-platform] [o-auto-1-exec-7] o.s.web.servlet.DispatcherServlet        : Completed 200 OK
2026-06-05T20:27:22.066+03:00 DEBUG 75224 --- [autism-support-platform] [           main] o.s.web.client.RestTemplate              : Response 200 OK
2026-06-05T20:27:22.066+03:00 DEBUG 75224 --- [autism-support-platform] [           main] o.s.web.client.RestTemplate              : Reading to [java.util.Map<java.lang.String, java.lang.Object>]
2026-06-05T20:27:22.066+03:00 DEBUG 75224 --- [autism-support-platform] [           main] o.s.web.client.RestTemplate              : HTTP POST http://localhost:60252/api/auth/login
2026-06-05T20:27:22.066+03:00 DEBUG 75224 --- [autism-support-platform] [           main] o.s.web.client.RestTemplate              : Accept=[application/json, application/*+json]
2026-06-05T20:27:22.066+03:00 DEBUG 75224 --- [autism-support-platform] [           main] o.s.web.client.RestTemplate              : Writing [{password=wrong-password, email=parent-9ff5cdea-269e-4c40-9415-4acafb7fd7bf@example.com}] with org.springframework.http.converter.json.MappingJackson2HttpMessageConverter
2026-06-05T20:27:22.067+03:00 DEBUG 75224 --- [autism-support-platform] [o-auto-1-exec-8] o.s.web.servlet.DispatcherServlet        : POST "/api/auth/login", parameters={}
2026-06-05T20:27:22.067+03:00 DEBUG 75224 --- [autism-support-platform] [o-auto-1-exec-8] s.w.s.m.m.a.RequestMappingHandlerMapping : Mapped to com.autismsupport.platform.controller.AuthController#login(AuthRequest)
2026-06-05T20:27:22.068+03:00 DEBUG 75224 --- [autism-support-platform] [o-auto-1-exec-8] m.m.a.RequestResponseBodyMethodProcessor : Read "application/json;charset=UTF-8" to [AuthRequest(email=parent-9ff5cdea-269e-4c40-9415-4acafb7fd7bf@example.com, password=wrong-password)]
2026-06-05T20:27:22.069+03:00 DEBUG 75224 --- [autism-support-platform] [o-auto-1-exec-8] org.hibernate.SQL                        : select u1_0.id,u1_0.bio,u1_0.city,u1_0.created_at,u1_0.email,u1_0.expert_title,u1_0.full_name,u1_0.institution,u1_0.is_active,u1_0.kvkk_consent,u1_0.kvkk_consent_date,u1_0.latitude,u1_0.license_number,u1_0.license_verified,u1_0.license_verified_at,u1_0.longitude,u1_0.matching_enabled,u1_0.password_hash,u1_0.phone,u1_0.profile_image_url,u1_0.role,u1_0.specializations,u1_0.updated_at,u1_0.is_verified from users u1_0 where u1_0.email=?
2026-06-05T20:27:22.129+03:00 DEBUG 75224 --- [autism-support-platform] [o-auto-1-exec-8] org.hibernate.SQL                        : select u1_0.id,u1_0.bio,u1_0.city,u1_0.created_at,u1_0.email,u1_0.expert_title,u1_0.full_name,u1_0.institution,u1_0.is_active,u1_0.kvkk_consent,u1_0.kvkk_consent_date,u1_0.latitude,u1_0.license_number,u1_0.license_verified,u1_0.license_verified_at,u1_0.longitude,u1_0.matching_enabled,u1_0.password_hash,u1_0.phone,u1_0.profile_image_url,u1_0.role,u1_0.specializations,u1_0.updated_at,u1_0.is_verified from users u1_0 where u1_0.email=?
2026-06-05T20:27:22.190+03:00 DEBUG 75224 --- [autism-support-platform] [o-auto-1-exec-8] .m.m.a.ExceptionHandlerExceptionResolver : Using @ExceptionHandler com.autismsupport.platform.config.GlobalExceptionHandler#handleBadCredentials(BadCredentialsException)
2026-06-05T20:27:22.190+03:00 DEBUG 75224 --- [autism-support-platform] [o-auto-1-exec-8] o.s.w.s.m.m.a.HttpEntityMethodProcessor  : Using 'application/json', given [application/json, application/*+json] and supported [application/json, application/*+json]
2026-06-05T20:27:22.190+03:00 DEBUG 75224 --- [autism-support-platform] [o-auto-1-exec-8] o.s.w.s.m.m.a.HttpEntityMethodProcessor  : Writing [ApiResponse(success=false, message=E-posta veya şifre hatalı, data=null)]
2026-06-05T20:27:22.190+03:00 DEBUG 75224 --- [autism-support-platform] [o-auto-1-exec-8] .m.m.a.ExceptionHandlerExceptionResolver : Resolved [org.springframework.security.authentication.BadCredentialsException: Bad credentials]
2026-06-05T20:27:22.190+03:00 DEBUG 75224 --- [autism-support-platform] [o-auto-1-exec-8] o.s.web.servlet.DispatcherServlet        : Completed 401 UNAUTHORIZED
2026-06-05T20:27:22.190+03:00 DEBUG 75224 --- [autism-support-platform] [           main] o.s.web.client.RestTemplate              : Response 401 UNAUTHORIZED
2026-06-05T20:27:22.190+03:00 DEBUG 75224 --- [autism-support-platform] [           main] o.s.web.client.RestTemplate              : Reading to [java.util.Map<java.lang.String, java.lang.Object>]
]]></system-out>
  </testcase>
  <testcase name="registerAndLoginReturnsTokensAndCurrentUser" classname="com.autismsupport.platform.controller.AuthControllerIntegrationTest" time="0.132">
    <system-out><![CDATA[2026-06-05T20:27:22.194+03:00 DEBUG 75224 --- [autism-support-platform] [           main] o.s.web.client.RestTemplate              : HTTP POST http://localhost:60252/api/auth/register
2026-06-05T20:27:22.194+03:00 DEBUG 75224 --- [autism-support-platform] [           main] o.s.web.client.RestTemplate              : Accept=[application/json, application/*+json]
2026-06-05T20:27:22.194+03:00 DEBUG 75224 --- [autism-support-platform] [           main] o.s.web.client.RestTemplate              : Writing [{email=parent-a8fe08bb-036a-4934-8751-1bf39e51dd85@example.com, password=StrongPass123!, role=PARENT, kvkkConsent=true, fullName=Integration Parent}] with org.springframework.http.converter.json.MappingJackson2HttpMessageConverter
2026-06-05T20:27:22.195+03:00 DEBUG 75224 --- [autism-support-platform] [o-auto-1-exec-9] o.s.web.servlet.DispatcherServlet        : POST "/api/auth/register", parameters={}
2026-06-05T20:27:22.195+03:00 DEBUG 75224 --- [autism-support-platform] [o-auto-1-exec-9] s.w.s.m.m.a.RequestMappingHandlerMapping : Mapped to com.autismsupport.platform.controller.AuthController#register(RegisterRequest)
2026-06-05T20:27:22.196+03:00 DEBUG 75224 --- [autism-support-platform] [o-auto-1-exec-9] m.m.a.RequestResponseBodyMethodProcessor : Read "application/json;charset=UTF-8" to [RegisterRequest(email=parent-a8fe08bb-036a-4934-8751-1bf39e51dd85@example.com, password=StrongPass12 (truncated)...]
2026-06-05T20:27:22.196+03:00 DEBUG 75224 --- [autism-support-platform] [o-auto-1-exec-9] org.hibernate.SQL                        : select u1_0.id from users u1_0 where u1_0.email=? fetch first ? rows only
2026-06-05T20:27:22.256+03:00 DEBUG 75224 --- [autism-support-platform] [o-auto-1-exec-9] org.hibernate.SQL                        : insert into users (bio,city,created_at,email,expert_title,full_name,institution,is_active,kvkk_consent,kvkk_consent_date,latitude,license_number,license_verified,license_verified_at,longitude,matching_enabled,password_hash,phone,profile_image_url,role,specializations,updated_at,is_verified,id) values (?,?,?,?,?,?,?,?,?,?,?,?,?,?,?,?,?,?,?,?,?,?,?,?)
2026-06-05T20:27:22.257+03:00 DEBUG 75224 --- [autism-support-platform] [o-auto-1-exec-9] org.hibernate.SQL                        : insert into refresh_tokens (created_at,expires_at,token,used,user_id,id) values (?,?,?,?,?,?)
2026-06-05T20:27:22.257+03:00 DEBUG 75224 --- [autism-support-platform] [o-auto-1-exec-9] o.s.w.s.m.m.a.HttpEntityMethodProcessor  : Using 'application/json', given [application/json, application/*+json] and supported [application/json, application/*+json]
2026-06-05T20:27:22.258+03:00 DEBUG 75224 --- [autism-support-platform] [o-auto-1-exec-9] o.s.w.s.m.m.a.HttpEntityMethodProcessor  : Writing [ApiResponse(success=true, message=Kayit basarili, data=AuthResponse(accessToken=eyJhbGciOiJIUzUxMiJ9 (truncated)...]
2026-06-05T20:27:22.258+03:00 DEBUG 75224 --- [autism-support-platform] [o-auto-1-exec-9] o.s.web.servlet.DispatcherServlet        : Completed 200 OK
2026-06-05T20:27:22.258+03:00 DEBUG 75224 --- [autism-support-platform] [           main] o.s.web.client.RestTemplate              : Response 200 OK
2026-06-05T20:27:22.258+03:00 DEBUG 75224 --- [autism-support-platform] [           main] o.s.web.client.RestTemplate              : Reading to [java.util.Map<java.lang.String, java.lang.Object>]
2026-06-05T20:27:22.259+03:00 DEBUG 75224 --- [autism-support-platform] [           main] o.s.web.client.RestTemplate              : HTTP POST http://localhost:60252/api/auth/login
2026-06-05T20:27:22.259+03:00 DEBUG 75224 --- [autism-support-platform] [           main] o.s.web.client.RestTemplate              : Accept=[application/json, application/*+json]
2026-06-05T20:27:22.259+03:00 DEBUG 75224 --- [autism-support-platform] [           main] o.s.web.client.RestTemplate              : Writing [{password=StrongPass123!, email=parent-a8fe08bb-036a-4934-8751-1bf39e51dd85@example.com}] with org.springframework.http.converter.json.MappingJackson2HttpMessageConverter
2026-06-05T20:27:22.260+03:00 DEBUG 75224 --- [autism-support-platform] [-auto-1-exec-10] o.s.web.servlet.DispatcherServlet        : POST "/api/auth/login", parameters={}
2026-06-05T20:27:22.260+03:00 DEBUG 75224 --- [autism-support-platform] [-auto-1-exec-10] s.w.s.m.m.a.RequestMappingHandlerMapping : Mapped to com.autismsupport.platform.controller.AuthController#login(AuthRequest)
2026-06-05T20:27:22.260+03:00 DEBUG 75224 --- [autism-support-platform] [-auto-1-exec-10] m.m.a.RequestResponseBodyMethodProcessor : Read "application/json;charset=UTF-8" to [AuthRequest(email=parent-a8fe08bb-036a-4934-8751-1bf39e51dd85@example.com, password=StrongPass123!)]
2026-06-05T20:27:22.261+03:00 DEBUG 75224 --- [autism-support-platform] [-auto-1-exec-10] org.hibernate.SQL                        : select u1_0.id,u1_0.bio,u1_0.city,u1_0.created_at,u1_0.email,u1_0.expert_title,u1_0.full_name,u1_0.institution,u1_0.is_active,u1_0.kvkk_consent,u1_0.kvkk_consent_date,u1_0.latitude,u1_0.license_number,u1_0.license_verified,u1_0.license_verified_at,u1_0.longitude,u1_0.matching_enabled,u1_0.password_hash,u1_0.phone,u1_0.profile_image_url,u1_0.role,u1_0.specializations,u1_0.updated_at,u1_0.is_verified from users u1_0 where u1_0.email=?
2026-06-05T20:27:22.262+03:00 DEBUG 75224 --- [autism-support-platform] [-auto-1-exec-10] org.hibernate.SQL                        : select u1_0.id,u1_0.bio,u1_0.city,u1_0.created_at,u1_0.email,u1_0.expert_title,u1_0.full_name,u1_0.institution,u1_0.is_active,u1_0.kvkk_consent,u1_0.kvkk_consent_date,u1_0.latitude,u1_0.license_number,u1_0.license_verified,u1_0.license_verified_at,u1_0.longitude,u1_0.matching_enabled,u1_0.password_hash,u1_0.phone,u1_0.profile_image_url,u1_0.role,u1_0.specializations,u1_0.updated_at,u1_0.is_verified from users u1_0 where u1_0.email=?
2026-06-05T20:27:22.321+03:00 DEBUG 75224 --- [autism-support-platform] [-auto-1-exec-10] org.hibernate.SQL                        : insert into refresh_tokens (created_at,expires_at,token,used,user_id,id) values (?,?,?,?,?,?)
2026-06-05T20:27:22.322+03:00 DEBUG 75224 --- [autism-support-platform] [-auto-1-exec-10] o.s.w.s.m.m.a.HttpEntityMethodProcessor  : Using 'application/json', given [application/json, application/*+json] and supported [application/json, application/*+json]
2026-06-05T20:27:22.322+03:00 DEBUG 75224 --- [autism-support-platform] [-auto-1-exec-10] o.s.w.s.m.m.a.HttpEntityMethodProcessor  : Writing [ApiResponse(success=true, message=Giris basarili, data=AuthResponse(accessToken=eyJhbGciOiJIUzUxMiJ9 (truncated)...]
2026-06-05T20:27:22.322+03:00 DEBUG 75224 --- [autism-support-platform] [-auto-1-exec-10] o.s.web.servlet.DispatcherServlet        : Completed 200 OK
2026-06-05T20:27:22.322+03:00 DEBUG 75224 --- [autism-support-platform] [           main] o.s.web.client.RestTemplate              : Response 200 OK
2026-06-05T20:27:22.322+03:00 DEBUG 75224 --- [autism-support-platform] [           main] o.s.web.client.RestTemplate              : Reading to [java.util.Map<java.lang.String, java.lang.Object>]
]]></system-out>
  </testcase>
</testsuite>