<?xml version="1.0" encoding="UTF-8"?>
<testsuite xmlns:xsi="http://www.w3.org/2001/XMLSchema-instance" xsi:noNamespaceSchemaLocation="https://maven.apache.org/surefire/maven-surefire-plugin/xsd/surefire-test-report-3.0.xsd" version="3.0" name="com.autismsupport.platform.controller.ChildControllerIntegrationTest" time="0.113" tests="2" errors="0" skipped="0" failures="0">
  <properties>
[...]
</properties>
  <testcase name="parentCanCreateListUpdateAndDeleteOwnChild" classname="com.autismsupport.platform.controller.ChildControllerIntegrationTest" time="0.103">
    <system-out><![CDATA[2026-06-05T20:27:21.808+03:00 DEBUG 75224 --- [autism-support-platform] [           main] .b.t.c.SpringBootTestContextBootstrapper : Neither @ContextConfiguration nor @ContextHierarchy found for test class [ChildControllerIntegrationTest]: using SpringBootContextLoader
2026-06-05T20:27:21.808+03:00  INFO 75224 --- [autism-support-platform] [           main] t.c.s.AnnotationConfigContextLoaderUtils : Could not detect default configuration classes for test class [com.autismsupport.platform.controller.ChildControllerIntegrationTest]: ChildControllerIntegrationTest does not declare any static, non-private, non-final, nested classes annotated with @Configuration.
2026-06-05T20:27:21.809+03:00 DEBUG 75224 --- [autism-support-platform] [           main] .b.t.c.SpringBootTestContextBootstrapper : Using ContextCustomizerFactory implementations for test class [ChildControllerIntegrationTest]: [ImportsContextCustomizerFactory, ExcludeFilterContextCustomizerFactory, HttpGraphQlTesterContextCustomizerFactory, DuplicateJsonObjectContextCustomizerFactory, MockitoContextCustomizerFactory, TestRestTemplateContextCustomizerFactory, WebTestClientContextCustomizerFactory, DisableReactorResourceFactoryGlobalResourcesContextCustomizerFactory, OnFailureConditionReportContextCustomizerFactory, OverrideAutoConfigurationContextCustomizerFactory, ObservabilityContextCustomizerFactory, TypeExcludeFiltersContextCustomizerFactory, PropertyMappingContextCustomizerFactory, WebDriverContextCustomizerFactory, MockServerContainerContextCustomizerFactory, DynamicPropertiesContextCustomizerFactory]
2026-06-05T20:27:21.809+03:00 DEBUG 75224 --- [autism-support-platform] [           main] .b.t.c.SpringBootTestContextBootstrapper : Using ContextCustomizers for test class [ChildControllerIntegrationTest]: [ExcludeFilterContextCustomizer, DuplicateJsonObjectContextCustomizer, MockitoContextCustomizer, TestRestTemplateContextCustomizer, DisableReactorResourceFactoryGlobalResourcesContextCustomizerCustomizer, OnFailureConditionReportContextCustomizer, DisableObservabilityContextCustomizer, PropertyMappingContextCustomizer, WebDriverContextCustomizer]
2026-06-05T20:27:21.809+03:00  INFO 75224 --- [autism-support-platform] [           main] .b.t.c.SpringBootTestContextBootstrapper : Found @SpringBootConfiguration com.autismsupport.platform.AutismSupportPlatformApplication for test class com.autismsupport.platform.controller.ChildControllerIntegrationTest
2026-06-05T20:27:21.810+03:00 DEBUG 75224 --- [autism-support-platform] [           main] .b.t.c.SpringBootTestContextBootstrapper : Using TestExecutionListeners for test class [ChildControllerIntegrationTest]: [ServletTestExecutionListener, DirtiesContextBeforeModesTestExecutionListener, ApplicationEventsTestExecutionListener, MockitoTestExecutionListener, DependencyInjectionTestExecutionListener, DirtiesContextTestExecutionListener, TransactionalTestExecutionListener, SqlScriptsTestExecutionListener, EventPublishingTestExecutionListener, WithSecurityContextTestExecutionListener, ReactorContextTestExecutionListener, ResetMocksTestExecutionListener, RestDocsTestExecutionListener, MockRestServiceServerResetTestExecutionListener, MockMvcPrintOnlyOnFailureTestExecutionListener, WebDriverTestExecutionListener, MockWebServiceServerTestExecutionListener]
2026-06-05T20:27:21.813+03:00 DEBUG 75224 --- [autism-support-platform] [           main] o.s.web.client.RestTemplate              : HTTP POST http://localhost:60252/api/auth/register
2026-06-05T20:27:21.813+03:00 DEBUG 75224 --- [autism-support-platform] [           main] o.s.web.client.RestTemplate              : Accept=[application/json, application/*+json]
2026-06-05T20:27:21.813+03:00 DEBUG 75224 --- [autism-support-platform] [           main] o.s.web.client.RestTemplate              : Writing [{email=parent-776fb466-d810-41df-b05b-61f286be9454@example.com, password=StrongPass123!, role=PARENT, kvkkConsent=true, fullName=Integration Parent}] with org.springframework.http.converter.json.MappingJackson2HttpMessageConverter
2026-06-05T20:27:21.816+03:00 DEBUG 75224 --- [autism-support-platform] [o-auto-1-exec-8] o.s.web.servlet.DispatcherServlet        : POST "/api/auth/register", parameters={}
2026-06-05T20:27:21.816+03:00 DEBUG 75224 --- [autism-support-platform] [o-auto-1-exec-8] s.w.s.m.m.a.RequestMappingHandlerMapping : Mapped to com.autismsupport.platform.controller.AuthController#register(RegisterRequest)
2026-06-05T20:27:21.817+03:00 DEBUG 75224 --- [autism-support-platform] [o-auto-1-exec-8] m.m.a.RequestResponseBodyMethodProcessor : Read "application/json;charset=UTF-8" to [RegisterRequest(email=parent-776fb466-d810-41df-b05b-61f286be9454@example.com, password=StrongPass12 (truncated)...]
2026-06-05T20:27:21.818+03:00 DEBUG 75224 --- [autism-support-platform] [o-auto-1-exec-8] org.hibernate.SQL                        : select u1_0.id from users u1_0 where u1_0.email=? fetch first ? rows only
2026-06-05T20:27:21.879+03:00 DEBUG 75224 --- [autism-support-platform] [o-auto-1-exec-8] org.hibernate.SQL                        : insert into users (bio,city,created_at,email,expert_title,full_name,institution,is_active,kvkk_consent,kvkk_consent_date,latitude,license_number,license_verified,license_verified_at,longitude,matching_enabled,password_hash,phone,profile_image_url,role,specializations,updated_at,is_verified,id) values (?,?,?,?,?,?,?,?,?,?,?,?,?,?,?,?,?,?,?,?,?,?,?,?)
2026-06-05T20:27:21.880+03:00 DEBUG 75224 --- [autism-support-platform] [o-auto-1-exec-8] org.hibernate.SQL                        : insert into refresh_tokens (created_at,expires_at,token,used,user_id,id) values (?,?,?,?,?,?)
2026-06-05T20:27:21.880+03:00 DEBUG 75224 --- [autism-support-platform] [o-auto-1-exec-8] o.s.w.s.m.m.a.HttpEntityMethodProcessor  : Using 'application/json', given [application/json, application/*+json] and supported [application/json, application/*+json]
2026-06-05T20:27:21.880+03:00 DEBUG 75224 --- [autism-support-platform] [o-auto-1-exec-8] o.s.w.s.m.m.a.HttpEntityMethodProcessor  : Writing [ApiResponse(success=true, message=Kayit basarili, data=AuthResponse(accessToken=eyJhbGciOiJIUzUxMiJ9 (truncated)...]
2026-06-05T20:27:21.881+03:00 DEBUG 75224 --- [autism-support-platform] [o-auto-1-exec-8] o.s.web.servlet.DispatcherServlet        : Completed 200 OK
2026-06-05T20:27:21.881+03:00 DEBUG 75224 --- [autism-support-platform] [           main] o.s.web.client.RestTemplate              : Response 200 OK
2026-06-05T20:27:21.881+03:00 DEBUG 75224 --- [autism-support-platform] [           main] o.s.web.client.RestTemplate              : Reading to [java.util.Map<java.lang.String, java.lang.Object>]
2026-06-05T20:27:21.881+03:00 DEBUG 75224 --- [autism-support-platform] [           main] o.s.web.client.RestTemplate              : HTTP POST http://localhost:60252/api/children
2026-06-05T20:27:21.881+03:00 DEBUG 75224 --- [autism-support-platform] [           main] o.s.web.client.RestTemplate              : Accept=[application/json, application/*+json]
2026-06-05T20:27:21.882+03:00 DEBUG 75224 --- [autism-support-platform] [           main] o.s.web.client.RestTemplate              : Writing [{diagnosisInfo=OSB destek ihtiyaci, birthDate=2020-05-10, name=Test Child, gender=ERKEK}] with org.springframework.http.converter.json.MappingJackson2HttpMessageConverter
2026-06-05T20:27:21.883+03:00 DEBUG 75224 --- [autism-support-platform] [o-auto-1-exec-9] org.hibernate.SQL                        : select u1_0.id,u1_0.bio,u1_0.city,u1_0.created_at,u1_0.email,u1_0.expert_title,u1_0.full_name,u1_0.institution,u1_0.is_active,u1_0.kvkk_consent,u1_0.kvkk_consent_date,u1_0.latitude,u1_0.license_number,u1_0.license_verified,u1_0.license_verified_at,u1_0.longitude,u1_0.matching_enabled,u1_0.password_hash,u1_0.phone,u1_0.profile_image_url,u1_0.role,u1_0.specializations,u1_0.updated_at,u1_0.is_verified from users u1_0 where u1_0.id=?
2026-06-05T20:27:21.884+03:00 DEBUG 75224 --- [autism-support-platform] [o-auto-1-exec-9] o.s.web.servlet.DispatcherServlet        : POST "/api/children", parameters={}
2026-06-05T20:27:21.884+03:00 DEBUG 75224 --- [autism-support-platform] [o-auto-1-exec-9] s.w.s.m.m.a.RequestMappingHandlerMapping : Mapped to com.autismsupport.platform.controller.ChildController#createChild(ChildDto, UserPrincipal)
2026-06-05T20:27:21.886+03:00 DEBUG 75224 --- [autism-support-platform] [o-auto-1-exec-9] m.m.a.RequestResponseBodyMethodProcessor : Read "application/json;charset=UTF-8" to [ChildDto(id=null, name=Test Child, birthDate=2020-05-10, diagnosisInfo=OSB destek ihtiyaci, educatio (truncated)...]
2026-06-05T20:27:21.888+03:00 DEBUG 75224 --- [autism-support-platform] [o-auto-1-exec-9] org.hibernate.SQL                        : select u1_0.id,u1_0.bio,u1_0.city,u1_0.created_at,u1_0.email,u1_0.expert_title,u1_0.full_name,u1_0.institution,u1_0.is_active,u1_0.kvkk_consent,u1_0.kvkk_consent_date,u1_0.latitude,u1_0.license_number,u1_0.license_verified,u1_0.license_verified_at,u1_0.longitude,u1_0.matching_enabled,u1_0.password_hash,u1_0.phone,u1_0.profile_image_url,u1_0.role,u1_0.specializations,u1_0.updated_at,u1_0.is_verified from users u1_0 where u1_0.id=?
2026-06-05T20:27:21.890+03:00 DEBUG 75224 --- [autism-support-platform] [o-auto-1-exec-9] org.hibernate.SQL                        : insert into children (birth_date,created_at,diagnosis_info,education_program,name,parent_id,privacy_settings,therapies,updated_at,id) values (?,?,?,?,?,?,?,?,?,?)
2026-06-05T20:27:21.892+03:00 DEBUG 75224 --- [autism-support-platform] [o-auto-1-exec-9] o.s.w.s.m.m.a.HttpEntityMethodProcessor  : Using 'application/json', given [application/json, application/*+json] and supported [application/json, application/*+json]
2026-06-05T20:27:21.892+03:00 DEBUG 75224 --- [autism-support-platform] [o-auto-1-exec-9] o.s.w.s.m.m.a.HttpEntityMethodProcessor  : Writing [ApiResponse(success=true, message=Cocuk profili olusturuldu, data=ChildDto(id=c78c4fc8-15c8-4cdd-bdf (truncated)...]
2026-06-05T20:27:21.893+03:00 DEBUG 75224 --- [autism-support-platform] [o-auto-1-exec-9] o.s.web.servlet.DispatcherServlet        : Completed 200 OK
2026-06-05T20:27:21.893+03:00 DEBUG 75224 --- [autism-support-platform] [           main] o.s.web.client.RestTemplate              : Response 200 OK
2026-06-05T20:27:21.893+03:00 DEBUG 75224 --- [autism-support-platform] [           main] o.s.web.client.RestTemplate              : Reading to [java.util.Map<java.lang.String, java.lang.Object>]
2026-06-05T20:27:21.894+03:00 DEBUG 75224 --- [autism-support-platform] [           main] o.s.web.client.RestTemplate              : HTTP GET http://localhost:60252/api/children
2026-06-05T20:27:21.894+03:00 DEBUG 75224 --- [autism-support-platform] [           main] o.s.web.client.RestTemplate              : Accept=[application/json, application/*+json]
2026-06-05T20:27:21.895+03:00 DEBUG 75224 --- [autism-support-platform] [-auto-1-exec-10] org.hibernate.SQL                        : select u1_0.id,u1_0.bio,u1_0.city,u1_0.created_at,u1_0.email,u1_0.expert_title,u1_0.full_name,u1_0.institution,u1_0.is_active,u1_0.kvkk_consent,u1_0.kvkk_consent_date,u1_0.latitude,u1_0.license_number,u1_0.license_verified,u1_0.license_verified_at,u1_0.longitude,u1_0.matching_enabled,u1_0.password_hash,u1_0.phone,u1_0.profile_image_url,u1_0.role,u1_0.specializations,u1_0.updated_at,u1_0.is_verified from users u1_0 where u1_0.id=?
2026-06-05T20:27:21.896+03:00 DEBUG 75224 --- [autism-support-platform] [-auto-1-exec-10] o.s.web.servlet.DispatcherServlet        : GET "/api/children", parameters={}
2026-06-05T20:27:21.896+03:00 DEBUG 75224 --- [autism-support-platform] [-auto-1-exec-10] s.w.s.m.m.a.RequestMappingHandlerMapping : Mapped to com.autismsupport.platform.controller.ChildController#getChildren(UserPrincipal)
2026-06-05T20:27:21.898+03:00 DEBUG 75224 --- [autism-support-platform] [-auto-1-exec-10] org.hibernate.SQL                        : select c1_0.id,c1_0.birth_date,c1_0.created_at,c1_0.diagnosis_info,c1_0.education_program,c1_0.name,c1_0.parent_id,c1_0.privacy_settings,c1_0.therapies,c1_0.updated_at from children c1_0 where c1_0.parent_id=?
2026-06-05T20:27:21.899+03:00 DEBUG 75224 --- [autism-support-platform] [-auto-1-exec-10] org.hibernate.SQL                        : select t1_0.child_id,t1_1.id,t1_1.category,t1_1.created_at,t1_1.description,t1_1.name from child_tags t1_0 join tags t1_1 on t1_1.id=t1_0.tag_id where t1_0.child_id=?
2026-06-05T20:27:21.900+03:00 DEBUG 75224 --- [autism-support-platform] [-auto-1-exec-10] o.s.w.s.m.m.a.HttpEntityMethodProcessor  : Using 'application/json', given [application/json, application/*+json] and supported [application/json, application/*+json]
2026-06-05T20:27:21.900+03:00 DEBUG 75224 --- [autism-support-platform] [-auto-1-exec-10] o.s.w.s.m.m.a.HttpEntityMethodProcessor  : Writing [ApiResponse(success=true, message=null, data=[ChildDto(id=c78c4fc8-15c8-4cdd-bdf2-92b2cd1762e0, name (truncated)...]
2026-06-05T20:27:21.901+03:00 DEBUG 75224 --- [autism-support-platform] [-auto-1-exec-10] o.s.web.servlet.DispatcherServlet        : Completed 200 OK
2026-06-05T20:27:21.901+03:00 DEBUG 75224 --- [autism-support-platform] [           main] o.s.web.client.RestTemplate              : Response 200 OK
2026-06-05T20:27:21.901+03:00 DEBUG 75224 --- [autism-support-platform] [           main] o.s.web.client.RestTemplate              : Reading to [java.util.Map<java.lang.String, java.lang.Object>]
2026-06-05T20:27:21.901+03:00 DEBUG 75224 --- [autism-support-platform] [           main] o.s.web.client.RestTemplate              : HTTP PUT http://localhost:60252/api/children/c78c4fc8-15c8-4cdd-bdf2-92b2cd1762e0
2026-06-05T20:27:21.901+03:00 DEBUG 75224 --- [autism-support-platform] [           main] o.s.web.client.RestTemplate              : Accept=[application/json, application/*+json]
2026-06-05T20:27:21.901+03:00 DEBUG 75224 --- [autism-support-platform] [           main] o.s.web.client.RestTemplate              : Writing [{diagnosisInfo=Guncel not, birthDate=2020-05-10, name=Updated Child, gender=ERKEK}] with org.springframework.http.converter.json.MappingJackson2HttpMessageConverter
2026-06-05T20:27:21.903+03:00 DEBUG 75224 --- [autism-support-platform] [o-auto-1-exec-1] org.hibernate.SQL                        : select u1_0.id,u1_0.bio,u1_0.city,u1_0.created_at,u1_0.email,u1_0.expert_title,u1_0.full_name,u1_0.institution,u1_0.is_active,u1_0.kvkk_consent,u1_0.kvkk_consent_date,u1_0.latitude,u1_0.license_number,u1_0.license_verified,u1_0.license_verified_at,u1_0.longitude,u1_0.matching_enabled,u1_0.password_hash,u1_0.phone,u1_0.profile_image_url,u1_0.role,u1_0.specializations,u1_0.updated_at,u1_0.is_verified from users u1_0 where u1_0.id=?
2026-06-05T20:27:21.903+03:00 DEBUG 75224 --- [autism-support-platform] [o-auto-1-exec-1] o.s.web.servlet.DispatcherServlet        : PUT "/api/children/c78c4fc8-15c8-4cdd-bdf2-92b2cd1762e0", parameters={}
2026-06-05T20:27:21.904+03:00 DEBUG 75224 --- [autism-support-platform] [o-auto-1-exec-1] s.w.s.m.m.a.RequestMappingHandlerMapping : Mapped to com.autismsupport.platform.controller.ChildController#updateChild(UUID, ChildDto, UserPrincipal)
2026-06-05T20:27:21.904+03:00 DEBUG 75224 --- [autism-support-platform] [o-auto-1-exec-1] m.m.a.RequestResponseBodyMethodProcessor : Read "application/json;charset=UTF-8" to [ChildDto(id=null, name=Updated Child, birthDate=2020-05-10, diagnosisInfo=Guncel not, educationProgr (truncated)...]
2026-06-05T20:27:21.905+03:00 DEBUG 75224 --- [autism-support-platform] [o-auto-1-exec-1] org.hibernate.SQL                        : select c1_0.id,c1_0.birth_date,c1_0.created_at,c1_0.diagnosis_info,c1_0.education_program,c1_0.name,c1_0.parent_id,c1_0.privacy_settings,c1_0.therapies,c1_0.updated_at from children c1_0 where c1_0.id=?
2026-06-05T20:27:21.905+03:00 DEBUG 75224 --- [autism-support-platform] [o-auto-1-exec-1] org.hibernate.SQL                        : select t1_0.child_id,t1_1.id,t1_1.category,t1_1.created_at,t1_1.description,t1_1.name from child_tags t1_0 join tags t1_1 on t1_1.id=t1_0.tag_id where t1_0.child_id=?
2026-06-05T20:27:21.906+03:00 DEBUG 75224 --- [autism-support-platform] [o-auto-1-exec-1] org.hibernate.SQL                        : update children set birth_date=?,diagnosis_info=?,education_program=?,name=?,parent_id=?,privacy_settings=?,therapies=?,updated_at=? where id=?
2026-06-05T20:27:21.906+03:00 DEBUG 75224 --- [autism-support-platform] [o-auto-1-exec-1] o.s.w.s.m.m.a.HttpEntityMethodProcessor  : Using 'application/json', given [application/json, application/*+json] and supported [application/json, application/*+json]
2026-06-05T20:27:21.906+03:00 DEBUG 75224 --- [autism-support-platform] [o-auto-1-exec-1] o.s.w.s.m.m.a.HttpEntityMethodProcessor  : Writing [ApiResponse(success=true, message=Cocuk profili guncellendi, data=ChildDto(id=c78c4fc8-15c8-4cdd-bdf (truncated)...]
2026-06-05T20:27:21.907+03:00 DEBUG 75224 --- [autism-support-platform] [o-auto-1-exec-1] o.s.web.servlet.DispatcherServlet        : Completed 200 OK
2026-06-05T20:27:21.907+03:00 DEBUG 75224 --- [autism-support-platform] [           main] o.s.web.client.RestTemplate              : Response 200 OK
2026-06-05T20:27:21.907+03:00 DEBUG 75224 --- [autism-support-platform] [           main] o.s.web.client.RestTemplate              : Reading to [java.util.Map<java.lang.String, java.lang.Object>]
2026-06-05T20:27:21.907+03:00 DEBUG 75224 --- [autism-support-platform] [           main] o.s.web.client.RestTemplate              : HTTP DELETE http://localhost:60252/api/children/c78c4fc8-15c8-4cdd-bdf2-92b2cd1762e0
2026-06-05T20:27:21.908+03:00 DEBUG 75224 --- [autism-support-platform] [           main] o.s.web.client.RestTemplate              : Accept=[application/json, application/*+json]
2026-06-05T20:27:21.909+03:00 DEBUG 75224 --- [autism-support-platform] [o-auto-1-exec-2] org.hibernate.SQL                        : select u1_0.id,u1_0.bio,u1_0.city,u1_0.created_at,u1_0.email,u1_0.expert_title,u1_0.full_name,u1_0.institution,u1_0.is_active,u1_0.kvkk_consent,u1_0.kvkk_consent_date,u1_0.latitude,u1_0.license_number,u1_0.license_verified,u1_0.license_verified_at,u1_0.longitude,u1_0.matching_enabled,u1_0.password_hash,u1_0.phone,u1_0.profile_image_url,u1_0.role,u1_0.specializations,u1_0.updated_at,u1_0.is_verified from users u1_0 where u1_0.id=?
2026-06-05T20:27:21.910+03:00 DEBUG 75224 --- [autism-support-platform] [o-auto-1-exec-2] o.s.web.servlet.DispatcherServlet        : DELETE "/api/children/c78c4fc8-15c8-4cdd-bdf2-92b2cd1762e0", parameters={}
2026-06-05T20:27:21.910+03:00 DEBUG 75224 --- [autism-support-platform] [o-auto-1-exec-2] s.w.s.m.m.a.RequestMappingHandlerMapping : Mapped to com.autismsupport.platform.controller.ChildController#deleteChild(UUID, UserPrincipal)
2026-06-05T20:27:21.910+03:00 DEBUG 75224 --- [autism-support-platform] [o-auto-1-exec-2] org.hibernate.SQL                        : select c1_0.id,c1_0.birth_date,c1_0.created_at,c1_0.diagnosis_info,c1_0.education_program,c1_0.name,c1_0.parent_id,c1_0.privacy_settings,c1_0.therapies,c1_0.updated_at from children c1_0 where c1_0.id=?
2026-06-05T20:27:21.912+03:00 DEBUG 75224 --- [autism-support-platform] [o-auto-1-exec-2] org.hibernate.SQL                        : delete from child_tags where child_id=?
2026-06-05T20:27:21.912+03:00 DEBUG 75224 --- [autism-support-platform] [o-auto-1-exec-2] org.hibernate.SQL                        : delete from children where id=?
2026-06-05T20:27:21.912+03:00 DEBUG 75224 --- [autism-support-platform] [o-auto-1-exec-2] o.s.w.s.m.m.a.HttpEntityMethodProcessor  : Using 'application/json', given [application/json, application/*+json] and supported [application/json, application/*+json]
2026-06-05T20:27:21.912+03:00 DEBUG 75224 --- [autism-support-platform] [o-auto-1-exec-2] o.s.w.s.m.m.a.HttpEntityMethodProcessor  : Writing [ApiResponse(success=true, message=Cocuk profili silindi, data=null)]
2026-06-05T20:27:21.913+03:00 DEBUG 75224 --- [autism-support-platform] [o-auto-1-exec-2] o.s.web.servlet.DispatcherServlet        : Completed 200 OK
2026-06-05T20:27:21.913+03:00 DEBUG 75224 --- [autism-support-platform] [           main] o.s.web.client.RestTemplate              : Response 200 OK
2026-06-05T20:27:21.913+03:00 DEBUG 75224 --- [autism-support-platform] [           main] o.s.web.client.RestTemplate              : Reading to [java.util.Map<java.lang.String, java.lang.Object>]
]]></system-out>
  </testcase>
  <testcase name="unauthenticatedCreateIsRejected" classname="com.autismsupport.platform.controller.ChildControllerIntegrationTest" time="0.005">
    <system-out><![CDATA[2026-06-05T20:27:21.916+03:00 DEBUG 75224 --- [autism-support-platform] [           main] o.s.web.client.RestTemplate              : HTTP POST http://localhost:60252/api/children
2026-06-05T20:27:21.917+03:00 DEBUG 75224 --- [autism-support-platform] [           main] o.s.web.client.RestTemplate              : Accept=[application/json, application/*+json]
2026-06-05T20:27:21.917+03:00 DEBUG 75224 --- [autism-support-platform] [           main] o.s.web.client.RestTemplate              : Writing [{name=No Auth Child}] with org.springframework.http.converter.json.MappingJackson2HttpMessageConverter
2026-06-05T20:27:21.919+03:00 DEBUG 75224 --- [autism-support-platform] [           main] o.s.web.client.RestTemplate              : Response 401 UNAUTHORIZED
2026-06-05T20:27:21.919+03:00 DEBUG 75224 --- [autism-support-platform] [           main] o.s.web.client.RestTemplate              : Reading to [java.util.Map<java.lang.String, java.lang.Object>]
]]></system-out>
  </testcase>
</testsuite>